<testsuite name="QA Mocha Tests" tests="105" failures="14" errors="14" skipped="0" time="1656.333">
<testcase classname="TC1130: Verify that Live Assist agent GUI welcome page with basic url - title - message check" name="TC1130: Verify that Live Assist agent GUI welcome page with basic url - title - message check" time="6.354"/>
<testcase classname="TC1131: Verify that Live Assist agent GUI welcome page -&gt; sign in page" name="TC1131: Verify that Live Assist agent GUI welcome page -&gt; sign in page" time="6.218"/>
<testcase classname="TC1132: Verify that Live Assist agent GUI sign in as Live agent with valid user name and password" name="TC1132: Verify that Live Assist agent GUI sign in as Live agent with valid user name and password" time="7.521"/>
<testcase classname="TC1133: Verify that Live Assist agent GUI sign out right after sign in" name="TC1133: Verify that Live Assist agent GUI sign out right after sign in" time="7.292"/>
<testcase classname="TC1134: Verify that Live Assist agent GUI with valid agent user name and password but can not sign in as Adminstrator" name="TC1134: Verify that Live Assist agent GUI with valid agent user name and password but can not sign in as Adminstrator" time="7.38"/>
<testcase classname="TC1136: Verify that Live Assist agent GUI with invalid user name sign in" name="TC1136: Verify that Live Assist agent GUI with invalid user name sign in" time="7.016"/>
<testcase classname="TC1137: Verify that Live Assist agent GUI with valid user name but invalid password sign in" name="TC1137: Verify that Live Assist agent GUI with valid user name but invalid password sign in" time="11.169"/>
<testcase classname="TC1138: Verify that Live Assist simple IVR API method /inputInteractionStep -&gt; agent intent selection -&gt; check session return with /inputInteractionStep" name="TC1138: Verify that Live Assist simple IVR API method /inputInteractionStep -&gt; agent intent selection -&gt; done -&gt; check session return with /inputInteractionStep" time="12.194"/>
<testcase classname="TC1139: Verify that Live Assist simple IVR API method /inputInteractionStep -&gt; agent outcome selection -&gt; agent GUI response &amp; selection summary" name="TC1139: Verify that Live Assist simple IVR API method /inputInteractionStep -&gt; agent outcome selection -&gt; agent GUI response &amp; selection summary" time="13.684"/>
<testcase classname="TC1140: Verify that Live Assist simple web API method /inputInteractionStep -&gt; agent intent selection -&gt; check session return with /inputInteractionStep" name="TC1140: Verify that Live Assist simple web API method /inputInteractionStep -&gt; agent intent selection -&gt; done -&gt; check session return with /inputInteractionStep" time="13.26"/>
<testcase classname="TC1141: Verify that Live Assist simple web API method /inputInteractionStep -&gt; agent outcome selection -&gt; agent GUI response &amp; selection summary" name="TC1141: Verify that Live Assist simple web API method /inputInteractionStep -&gt; agent outcome selection -&gt; agent GUI response &amp; selection summary" time="14.173"/>
<testcase classname="TC1142: Verify that Live Assist call triggered from MRCP API -&gt; agent intent selection -&gt; check session return" name="TC1142: Verify that Live Assist call triggered from MRCP API -&gt; agent intent selection -&gt; check session return" time="13.722"/>
<testcase classname="TC1143: Verify that Live Assist call triggered from MRCP API -&gt; agent outcome selection -&gt; agent GUI response &amp; selection summary" name="TC1143: Verify that Live Assist call triggered from MRCP API -&gt; agent outcome selection -&gt; agent GUI response &amp; selection summary" time="13.686"/>
<testcase classname="TC1144: Verify that Live Assist sample app agent gui with billing intent outcome: (Billing) -&gt; (Balance) -&gt; (Check balance) " name="TC1144: Verify that Live Assist sample app agent gui with billing intent outcome: (Billing) -&gt; (Balance) -&gt; (Check balance) " time="12.393"/>
<testcase classname="TC1145: Verify that Live Assist sample app agent gui with custom outcome selection (Billing) -&gt; (Balance) -&gt; (Explain balance) " name="TC1145: Verify that Live Assist sample app agent gui with custom outcome selection (Billing) -&gt; (Balance) -&gt; (Explain balance) " time="12.405"/>
<testcase classname="TC1146: Verify that Live Assist sample app agent gui with billing intent outcome: (Billing) -&gt; (Late fee) -&gt; (explain fee) " name="TC1146: Verify that Live Assist sample app agent gui with billing intent outcome: (Billing) -&gt; (Late fee) -&gt; (explain fee) " time="12.305"/>
<testcase classname="TC1147: Verify that Live Assist sample app agent gui with flight intent outcome selected only: (Flight) -&gt; (Booking)" name="TC1147: Verify that Live Assist sample app agent gui with flight intent outcome selected only: (Flight) -&gt; (Booking)" time="12.153"/>
<testcase classname="TC1148: Verify that Live Assist sample app agent select flight intent with default city outcome value selection from the list: (Flight) -&gt; (Booking) -&gt; (Boston) -&gt; (Austin)" name="TC1148: Verify that Live Assist sample app agent select flight intent with default city outcome value selection from the list: (Flight) -&gt; (Booking) -&gt; (Boston) -&gt; (Austin)" time="13.653"/>
<testcase classname="TC1149: Verify that Live Assist sample app agent gui with operator intent outcome" name="TC1149: Verify that Live Assist sample app agent gui with operator intent outcome" time="12.55"/>
<testcase classname="TC1150: Verify that Live Assist sample app agent select flight intent with customized city outcome value selection not from the default list: (Flight) -&gt; (Booking) -&gt; (QA_departure_city) -&gt; (New York)" name="TC1150: Verify that Live Assist sample app agent select flight intent with customized city outcome value selection not from the default list: (Flight) -&gt; (Booking) -&gt; (QA_departure_city) -&gt; (New York)" time="14.431"/>
<testcase classname="TC1151: Verify that Live Assist sample app agent select flight intent with customized date and time outcome value: (Flight) -&gt; (Booking) -&gt; (QA_TEST1) -&gt; (Seattle) -&gt; (2014-12-21) -&gt; (10:30)" name="TC1151: Verify that Live Assist sample app agent select flight intent with customized date and time outcome value: (Flight) -&gt; (Booking) -&gt; (QA_TEST1) -&gt; (Seattle) -&gt; (2014-12-21) -&gt; (10:30)" time="16.708"/>
<testcase classname="TC1152: Verify that Live Assist sample app agent select waive fee intent with customized billing date outcome value: (Billing) -&gt; (Late fee) -&gt; (waive fee) -&gt; (2014-12-21)" name="TC1152: Verify that Live Assist sample app agent select waive fee intent with customized billing date outcome value: (Billing) -&gt; (Late fee) -&gt; (waive fee) -&gt; (2014-12-21)" time="13.755"/>
<testcase classname="TC1153: Verify that Live Assist sample app agent select waive fee intent with customized late fee payment reason outcome value: (Billing) -&gt; (Late fee) -&gt; (waive fee) -&gt; (2014-12-21) -&gt; (QA_Customized_Reason)" name="TC1153: Verify that Live Assist sample app agent select waive fee intent with customized late fee payment reason outcome value: (Billing) -&gt; (Late fee) -&gt; (waive fee) -&gt; (2014-12-21) -&gt; (QA_Customized_Reason)" time="14.392"/>
<testcase classname="TC1154: Verify that Live Assist sample app agent with update contact info intent and custom values: (account) -&gt; (update contact info) -&gt; (first_name = QA_test1) -&gt; (last_name = QA_test2)" name="TC1154: Verify that Live Assist sample app agent with update contact info intent and custom values: (account) -&gt; (update contact info) -&gt; (first_name = QA_test1) -&gt; (last_name = QA_test2)" time="14.069"/>
<testcase classname="TC1155: Verify that Live Assist sample app agent with update contact info intent and custom values: (account) -&gt; (update contact info) -&gt; (new_address = QA_addr) -&gt; (new_phone = 5147703199) -&gt; (new email = QA@nuance.com)" name="TC1155: Verify that Live Assist sample app agent with update contact info intent and custom values: (account) -&gt; (update contact info) -&gt; (new_address = QA_addr) -&gt; (new_phone = 5147703199) -&gt; (new email = QA@nuance.com)" time="14.962"/>
<testcase classname="TC1156: Verify that Live Assist global contextual variables from agent GUI selection added to IVR api call response (outcome return)" name="TC1156: Verify that Live Assist global contextual variables from agent GUI selection added to IVR api call response (outcome return)" time="12.118"/>
<testcase classname="TC1157: Verify that Live Assist global contextual variables from agent GUI selection added to web api call response (outcome return)" name="TC1157: Verify that Live Assist global contextual variables from agent GUI selection added to web api call response (outcome return)" time="12.922"/>
<testcase classname="TC1158: Verify that Live Assist agent keyboard input select global contextual variables as agent outcome via SPACE key and ENTER key for done button" name="TC1158: Verify that Live Assist agent keyboard input select global contextual variables as agent outcome via SPACE key and ENTER key for done button" time="13.212"/>
<testcase classname="TC1159: Verify that Live Assist agent keyboard input select global contextual variables as agent outcome via ALT+num (select - cancel - re-select) and CTRL+ENTER (same as clicking Done)" name="TC1159: Verify that Live Assist agent keyboard input select global contextual variables as agent outcome via ALT+num (select - cancel - re-select) and CTRL+ENTER (same as clicking Done)" time="13.682"/>
<testcase classname="TC1160: Verify that Live Assist GUI keyboard input CTRL+num and CTRL+Enter on billing intent with default variables as agent outcome selected" name="TC1160: Verify that Live Assist GUI keyboard input CTRL+num and CTRL+Enter on billing intent with default variables as agent outcome selected" time="11.105"/>
<testcase classname="TC1161: Verify that Live Assist billing intent with custom variable values as agent outcome selected from GUI by keyboard input" name="TC1161: Verify that Live Assist billing intent with custom variable values as agent outcome selected from GUI by keyboard input" time="12.878"/>
<testcase classname="TC1162: Verify that Live Assist agent GUI keyboard input CTRL+END to sign out from idle state" name="TC1162: Verify that Live Assist agent GUI keyboard input CTRL+END to sign out from idle state" time="7.703"/>
<testcase classname="TC1163: Verify that Live Assist agent GUI keyboard input CTRL+END to sign out from busy state after completing the request" name="TC1163: Verify that Live Assist agent GUI keyboard input CTRL+END to sign out from busy state after completing the request" time="14.454"/>
<testcase classname="TC1166: Verify that Live Assist GUI popup alert with message and dismiss button on busy state when maximum time elapse from agent " name="TC1166: Verify that Live Assist GUI popup alert with message and dismiss button on busy state when maximum time elapse from agent" time="43.587"/>
<testcase classname="TC1167: Verify that Live Assist GUI go back to idle state and ready for next call after alert popup and dismiss button confirmed when maximum time elapse from agent" name="TC1167: Verify that Live Assist GUI go back to idle state and ready for next call after alert popup and dismiss button confirmed when maximum time elapse from agent" time="47.033"/>
<testcase classname="TC1168: Verify that Live Assist MRCP api call with agent global contextual variables selected as agent outcome" name="TC1168: Verify that Live Assist MRCP api call with agent global contextual variables selected as agent outcome" time="14.66"/>
<testcase classname="TC1169: Verify that user sign in as administrator role with valid username and password to admin gui" name="TC1169: Verify that user sign in as administrator role with valid username and password to admin gui" time="8.087"/>
<testcase classname="TC1170: Verify that Live Assist with default settings show session details on agent screen via MRCP api call escalated" name="TC1170: Verify that Live Assist with default settings show session details on agent screen via MRCP api call escalated" time="14.536"/>
<testcase classname="TC1171: Verify that Live Assist with default settings show session details on agent screen via IVR api call escalated" name="TC1171: Verify that Live Assist with default settings show session details on agent screen via IVR api call escalated" time="12.764"/>
<testcase classname="TC1172: Verify that Live Assist simple IVR API call should not be escalated using Nuance-IvrApiCallSteering app and configName=othermenu with ConfidenceBasedEscalationClassifier and set confidence=0.9 &gt; default 0.5" name="TC1172: Verify that Live Assist simple IVR API call should not be escalated using Nuance-IvrApiCallSteering app and configName=othermenu with ConfidenceBasedEscalationClassifier and set confidence=0.9 &gt; default 0.5" time="9.85"/>
<testcase classname="TC1173: Verify that Live Assist simple IVR API call should be escalated using Nuance-IvrApiCallSteering app and configName=othermenu with ConfidenceBasedEscalationClassifier and set confidence=0.3 &lt; default 0.5" name="TC1173: Verify that Live Assist simple IVR API call should be escalated using Nuance-IvrApiCallSteering app and configName=othermenu with ConfidenceBasedEscalationClassifier and set confidence=0.3 &lt; default 0.5" time="11.84"/>
<testcase classname="TC1174: Verify that Live Assist agent data input section with custom outcome selection (Billing) -&gt; (Balance) -&gt; (Explain balance)" name="TC1174: Verify that Live Assist agent data input section with custom outcome selection (Billing) -&gt; (Balance) -&gt; (Explain balance)" time="12.696"/>
<testcase classname="TC1175: Verify that Live Assist escalation threshold and percentage context parameter changes in the database for dynamic escalation classifier" name="TC1175: Verify that Live Assist escalation threshold and percentage context parameter changes in the database for dynamic escalation classifier" time="4.859"/>
<testcase classname="TC1176: Verify that customize Live Assist DB configuration to use Dynamic escalation classifier with customized parameters for IVR call steering app" name="TC1176: Verify that customize Live Assist DB configuration to use Dynamic escalation classifier with customized parameters for IVR call steering app" time="4.828"/>
<testcase classname="TC1177: Verify that Live Assist dynamic escalation classifier customized as Always escalation engine via IVR api call with agent outcome response" name="TC1177: Verify that Live Assist dynamic escalation classifier customized as Always escalation engine via IVR api call with agent outcome response" time="14.005"/>
<testcase classname="TC1178: Verify that Live Assist dynamic escalation classifier customized as Never escalation engine via IVR api call with agent outcome response" name="TC1178: Verify that Live Assist dynamic escalation classifier customized as Never escalation engine via IVR api call with agent outcome response" time="20.157"/>
<testcase classname="TC1179: Verify that Live Assist dynamic escalation classifier with confidence input &lt; minimum_confidence_threshold and middle_confidence_percentage=100" name="TC1179: Verify that Live Assist dynamic escalation classifier with confidence input &lt; minimum_confidence_threshold and middle_confidence_percentage=100" time="14.844"/>
<testcase classname="TC1180: Verify that Live Assist dynamic escalation classifier with minimum_confidence_threshold &lt; confidence input &lt; maximum_confidence_threshold and middle_confidence_percentage=100" name="TC1180: Verify that Live Assist dynamic escalation classifier with minimum_confidence_threshold &lt; confidence input &lt; maximum_confidence_threshold and middle_confidence_percentage=100" time="0" message="Wait timed out after 12109ms"><failure classname="TC1180: Verify that Live Assist dynamic escalation classifier with minimum_confidence_threshold &lt; confidence input &lt; maximum_confidence_threshold and middle_confidence_percentage=100" name="TC1180: Verify that Live Assist dynamic escalation classifier with minimum_confidence_threshold &lt; confidence input &lt; maximum_confidence_threshold and middle_confidence_percentage=100" time="0" message="Wait timed out after 12109ms"><![CDATA[Error: Wait timed out after 12109ms
    at C:\LiveAssist_test\test\node_modules\selenium-webdriver\lib\webdriver\promise.js:1412:29
    at C:\LiveAssist_test\test\node_modules\selenium-webdriver\lib\goog\base.js:1582:15
    at webdriver.promise.ControlFlow.runInNewFrame_ (C:\LiveAssist_test\test\node_modules\selenium-webdriver\lib\webdriver\promise.js:1640:20)
    at notify (C:\LiveAssist_test\test\node_modules\selenium-webdriver\lib\webdriver\promise.js:444:12)
    at then (C:\LiveAssist_test\test\node_modules\selenium-webdriver\lib\webdriver\promise.js:497:7)
    at Object.webdriver.promise.asap (C:\LiveAssist_test\test\node_modules\selenium-webdriver\lib\webdriver\promise.js:749:11)
    at newFrame.then.e (C:\LiveAssist_test\test\node_modules\selenium-webdriver\lib\webdriver\promise.js:1656:25)
    at C:\LiveAssist_test\test\node_modules\selenium-webdriver\lib\goog\base.js:1582:15
    at webdriver.promise.ControlFlow.runInNewFrame_ (C:\LiveAssist_test\test\node_modules\selenium-webdriver\lib\webdriver\promise.js:1640:20)
    at notify (C:\LiveAssist_test\test\node_modules\selenium-webdriver\lib\webdriver\promise.js:444:12)
    at notifyAll (C:\LiveAssist_test\test\node_modules\selenium-webdriver\lib\webdriver\promise.js:422:7)
    at resolve (C:\LiveAssist_test\test\node_modules\selenium-webdriver\lib\webdriver\promise.js:400:7)
    at fulfill (C:\LiveAssist_test\test\node_modules\selenium-webdriver\lib\webdriver\promise.js:512:5)
    at webdriver.promise.ControlFlow.resolveFrame_ (C:\LiveAssist_test\test\node_modules\selenium-webdriver\lib\webdriver\promise.js:1561:9)
    at webdriver.promise.ControlFlow.getNextTask_ (C:\LiveAssist_test\test\node_modules\selenium-webdriver\lib\webdriver\promise.js:1530:12)
    at webdriver.promise.ControlFlow.runEventLoop_ (C:\LiveAssist_test\test\node_modules\selenium-webdriver\lib\webdriver\promise.js:1488:59)
    at wrapper [as _onTimeout] (timers.js:261:14)
    at Timer.listOnTimeout [as ontimeout] (timers.js:112:15)
==== async task ====
    at webdriver.promise.ControlFlow.wait (C:\LiveAssist_test\test\node_modules\selenium-webdriver\lib\webdriver\promise.js:1397:15)
    at webdriver.WebDriver.wait (C:\LiveAssist_test\test\node_modules\selenium-webdriver\lib\webdriver\webdriver.js:589:21)
    at C:\LiveAssist_test\test\QA_TEST2\TC1180.js:765:33
    at C:\LiveAssist_test\test\node_modules\async\lib\async.js:610:21
    at C:\LiveAssist_test\test\node_modules\async\lib\async.js:249:17
    at iterate (C:\LiveAssist_test\test\node_modules\async\lib\async.js:149:13)
    at C:\LiveAssist_test\test\node_modules\async\lib\async.js:160:25
    at C:\LiveAssist_test\test\node_modules\async\lib\async.js:251:21
    at C:\LiveAssist_test\test\node_modules\async\lib\async.js:615:34
    at C:\LiveAssist_test\test\QA_TEST2\TC1180.js:758:25
    at Request._callback (C:\LiveAssist_test\test\QA_TEST2\TC1180.js:94:25)
    at Request.self.callback (C:\LiveAssist_test\test\node_modules\request\request.js:237:22)
    at Request.emit (events.js:98:17)
    at Request.&lt;anonymous&gt; (C:\LiveAssist_test\test\node_modules\request\request.js:1146:14)
    at Request.emit (events.js:117:20)
    at IncomingMessage.&lt;anonymous&gt; (C:\LiveAssist_test\test\node_modules\request\request.js:1097:12)
    at IncomingMessage.emit (events.js:117:20)
    at _stream_readable.js:943:16
    at process._tickCallback (node.js:419:13)]]></failure></testcase>
<testcase classname="TC1181: Verify that Live Assist dynamic escalation classifier with confidence input &gt; maximum_confidence_threshold and high_confidence_percentage=100" name="TC1181: Verify that Live Assist dynamic escalation classifier with confidence input &gt; maximum_confidence_threshold and high_confidence_percentage=100" time="16.006"/>
<testcase classname="TC1182: Verify that Live Assist dynamic escalation classifier with confidence input &lt; minimum_confidence_threshold and low_confidence_percentage=100" name="TC1182: Verify that Live Assist dynamic escalation classifier with confidence input &lt; minimum_confidence_threshold and low_confidence_percentage=100" time="0" message="Wait timed out after 12157ms"><failure classname="TC1182: Verify that Live Assist dynamic escalation classifier with confidence input &lt; minimum_confidence_threshold and low_confidence_percentage=100" name="TC1182: Verify that Live Assist dynamic escalation classifier with confidence input &lt; minimum_confidence_threshold and low_confidence_percentage=100" time="0" message="Wait timed out after 12157ms"><![CDATA[Error: Wait timed out after 12157ms
    at C:\LiveAssist_test\test\node_modules\selenium-webdriver\lib\webdriver\promise.js:1412:29
    at C:\LiveAssist_test\test\node_modules\selenium-webdriver\lib\goog\base.js:1582:15
    at webdriver.promise.ControlFlow.runInNewFrame_ (C:\LiveAssist_test\test\node_modules\selenium-webdriver\lib\webdriver\promise.js:1640:20)
    at notify (C:\LiveAssist_test\test\node_modules\selenium-webdriver\lib\webdriver\promise.js:444:12)
    at then (C:\LiveAssist_test\test\node_modules\selenium-webdriver\lib\webdriver\promise.js:497:7)
    at Object.webdriver.promise.asap (C:\LiveAssist_test\test\node_modules\selenium-webdriver\lib\webdriver\promise.js:749:11)
    at newFrame.then.e (C:\LiveAssist_test\test\node_modules\selenium-webdriver\lib\webdriver\promise.js:1656:25)
    at C:\LiveAssist_test\test\node_modules\selenium-webdriver\lib\goog\base.js:1582:15
    at webdriver.promise.ControlFlow.runInNewFrame_ (C:\LiveAssist_test\test\node_modules\selenium-webdriver\lib\webdriver\promise.js:1640:20)
    at notify (C:\LiveAssist_test\test\node_modules\selenium-webdriver\lib\webdriver\promise.js:444:12)
    at notifyAll (C:\LiveAssist_test\test\node_modules\selenium-webdriver\lib\webdriver\promise.js:422:7)
    at resolve (C:\LiveAssist_test\test\node_modules\selenium-webdriver\lib\webdriver\promise.js:400:7)
    at fulfill (C:\LiveAssist_test\test\node_modules\selenium-webdriver\lib\webdriver\promise.js:512:5)
    at webdriver.promise.ControlFlow.resolveFrame_ (C:\LiveAssist_test\test\node_modules\selenium-webdriver\lib\webdriver\promise.js:1561:9)
    at webdriver.promise.ControlFlow.getNextTask_ (C:\LiveAssist_test\test\node_modules\selenium-webdriver\lib\webdriver\promise.js:1530:12)
    at webdriver.promise.ControlFlow.runEventLoop_ (C:\LiveAssist_test\test\node_modules\selenium-webdriver\lib\webdriver\promise.js:1488:59)
    at wrapper [as _onTimeout] (timers.js:261:14)
    at Timer.listOnTimeout [as ontimeout] (timers.js:112:15)
==== async task ====
    at webdriver.promise.ControlFlow.wait (C:\LiveAssist_test\test\node_modules\selenium-webdriver\lib\webdriver\promise.js:1397:15)
    at webdriver.WebDriver.wait (C:\LiveAssist_test\test\node_modules\selenium-webdriver\lib\webdriver\webdriver.js:589:21)
    at C:\LiveAssist_test\test\QA_TEST2\TC1182.js:777:33
    at C:\LiveAssist_test\test\node_modules\async\lib\async.js:610:21
    at C:\LiveAssist_test\test\node_modules\async\lib\async.js:249:17
    at iterate (C:\LiveAssist_test\test\node_modules\async\lib\async.js:149:13)
    at C:\LiveAssist_test\test\node_modules\async\lib\async.js:160:25
    at C:\LiveAssist_test\test\node_modules\async\lib\async.js:251:21
    at C:\LiveAssist_test\test\node_modules\async\lib\async.js:615:34
    at C:\LiveAssist_test\test\QA_TEST2\TC1182.js:770:25
    at Request._callback (C:\LiveAssist_test\test\QA_TEST2\TC1182.js:94:25)
    at Request.self.callback (C:\LiveAssist_test\test\node_modules\request\request.js:237:22)
    at Request.emit (events.js:98:17)
    at Request.&lt;anonymous&gt; (C:\LiveAssist_test\test\node_modules\request\request.js:1146:14)
    at Request.emit (events.js:117:20)
    at IncomingMessage.&lt;anonymous&gt; (C:\LiveAssist_test\test\node_modules\request\request.js:1097:12)
    at IncomingMessage.emit (events.js:117:20)
    at _stream_readable.js:943:16
    at process._tickCallback (node.js:419:13)]]></failure></testcase>
<testcase classname="TC1183: Verify that Live Assist customize major parameters from applicationContextParams table in the DB via IVR api call test and agent outcome response" name="TC1183: Verify that Live Assist customize all major parameters from applicationContextParams table in the DB and returned properly via IVR api call test and agent outcome response" time="0" message="Wait timed out after 12201ms"><failure classname="TC1183: Verify that Live Assist customize major parameters from applicationContextParams table in the DB via IVR api call test and agent outcome response" name="TC1183: Verify that Live Assist customize all major parameters from applicationContextParams table in the DB and returned properly via IVR api call test and agent outcome response" time="0" message="Wait timed out after 12201ms"><![CDATA[Error: Wait timed out after 12201ms
    at C:\LiveAssist_test\test\node_modules\selenium-webdriver\lib\webdriver\promise.js:1412:29
    at C:\LiveAssist_test\test\node_modules\selenium-webdriver\lib\goog\base.js:1582:15
    at webdriver.promise.ControlFlow.runInNewFrame_ (C:\LiveAssist_test\test\node_modules\selenium-webdriver\lib\webdriver\promise.js:1640:20)
    at notify (C:\LiveAssist_test\test\node_modules\selenium-webdriver\lib\webdriver\promise.js:444:12)
    at then (C:\LiveAssist_test\test\node_modules\selenium-webdriver\lib\webdriver\promise.js:497:7)
    at Object.webdriver.promise.asap (C:\LiveAssist_test\test\node_modules\selenium-webdriver\lib\webdriver\promise.js:749:11)
    at newFrame.then.e (C:\LiveAssist_test\test\node_modules\selenium-webdriver\lib\webdriver\promise.js:1656:25)
    at C:\LiveAssist_test\test\node_modules\selenium-webdriver\lib\goog\base.js:1582:15
    at webdriver.promise.ControlFlow.runInNewFrame_ (C:\LiveAssist_test\test\node_modules\selenium-webdriver\lib\webdriver\promise.js:1640:20)
    at notify (C:\LiveAssist_test\test\node_modules\selenium-webdriver\lib\webdriver\promise.js:444:12)
    at notifyAll (C:\LiveAssist_test\test\node_modules\selenium-webdriver\lib\webdriver\promise.js:422:7)
    at resolve (C:\LiveAssist_test\test\node_modules\selenium-webdriver\lib\webdriver\promise.js:400:7)
    at fulfill (C:\LiveAssist_test\test\node_modules\selenium-webdriver\lib\webdriver\promise.js:512:5)
    at webdriver.promise.ControlFlow.resolveFrame_ (C:\LiveAssist_test\test\node_modules\selenium-webdriver\lib\webdriver\promise.js:1561:9)
    at webdriver.promise.ControlFlow.getNextTask_ (C:\LiveAssist_test\test\node_modules\selenium-webdriver\lib\webdriver\promise.js:1530:12)
    at webdriver.promise.ControlFlow.runEventLoop_ (C:\LiveAssist_test\test\node_modules\selenium-webdriver\lib\webdriver\promise.js:1488:59)
    at wrapper [as _onTimeout] (timers.js:261:14)
    at Timer.listOnTimeout [as ontimeout] (timers.js:112:15)
==== async task ====
    at webdriver.promise.ControlFlow.wait (C:\LiveAssist_test\test\node_modules\selenium-webdriver\lib\webdriver\promise.js:1397:15)
    at webdriver.WebDriver.wait (C:\LiveAssist_test\test\node_modules\selenium-webdriver\lib\webdriver\webdriver.js:589:21)
    at C:\LiveAssist_test\test\QA_TEST2\TC1183.js:814:29
    at C:\LiveAssist_test\test\node_modules\async\lib\async.js:610:21
    at C:\LiveAssist_test\test\node_modules\async\lib\async.js:249:17
    at iterate (C:\LiveAssist_test\test\node_modules\async\lib\async.js:149:13)
    at C:\LiveAssist_test\test\node_modules\async\lib\async.js:160:25
    at C:\LiveAssist_test\test\node_modules\async\lib\async.js:251:21
    at C:\LiveAssist_test\test\node_modules\async\lib\async.js:615:34
    at C:\LiveAssist_test\test\QA_TEST2\TC1183.js:808:21
    at Request._callback (C:\LiveAssist_test\test\QA_TEST2\TC1183.js:94:25)
    at Request.self.callback (C:\LiveAssist_test\test\node_modules\request\request.js:237:22)
    at Request.emit (events.js:98:17)
    at Request.&lt;anonymous&gt; (C:\LiveAssist_test\test\node_modules\request\request.js:1146:14)
    at Request.emit (events.js:117:20)
    at IncomingMessage.&lt;anonymous&gt; (C:\LiveAssist_test\test\node_modules\request\request.js:1097:12)
    at IncomingMessage.emit (events.js:117:20)
    at _stream_readable.js:943:16
    at process._tickCallback (node.js:419:13)]]></failure></testcase>
<testcase classname="TC1185: Verify that Live Assist popup calendar when agent selecting default date via waive fee intent (yyyy-mm) with keyboard action" name="TC1185: Verify that Live Assist popup calendar when agent selecting default date via waive fee intent (yyyy-mm) with keyboard action" time="16.363"/>
<testcase classname="TC1187: Verify that Live Assist popup calendar when agent select a date then ESC close with keyboard action" name="TC1187: Verify that Live Assist popup calendar when triggered by Enter then ESC to close with keyboard action" time="0" message="Cannot call method 'evaluate' of undefined"><failure classname="TC1187: Verify that Live Assist popup calendar when agent select a date then ESC close with keyboard action" name="TC1187: Verify that Live Assist popup calendar when triggered by Enter then ESC to close with keyboard action" time="0" message="Cannot call method 'evaluate' of undefined"><![CDATA[TypeError: Cannot call method 'evaluate' of undefined
    at C:\LiveAssist_test\test\QA_TEST2\TC1187.js:534:32
    at C:\LiveAssist_test\test\node_modules\selenium-webdriver\lib\goog\base.js:1582:15
    at webdriver.promise.ControlFlow.runInNewFrame_ (C:\LiveAssist_test\test\node_modules\selenium-webdriver\lib\webdriver\promise.js:1640:20)
    at notify (C:\LiveAssist_test\test\node_modules\selenium-webdriver\lib\webdriver\promise.js:444:12)
    at notifyAll (C:\LiveAssist_test\test\node_modules\selenium-webdriver\lib\webdriver\promise.js:422:7)
    at resolve (C:\LiveAssist_test\test\node_modules\selenium-webdriver\lib\webdriver\promise.js:400:7)
    at fulfill (C:\LiveAssist_test\test\node_modules\selenium-webdriver\lib\webdriver\promise.js:512:5)
    at Object.webdriver.promise.asap (C:\LiveAssist_test\test\node_modules\selenium-webdriver\lib\webdriver\promise.js:758:5)
    at webdriver.promise.ControlFlow.runInNewFrame_ (C:\LiveAssist_test\test\node_modules\selenium-webdriver\lib\webdriver\promise.js:1651:25)
    at notify (C:\LiveAssist_test\test\node_modules\selenium-webdriver\lib\webdriver\promise.js:444:12)
    at notifyAll (C:\LiveAssist_test\test\node_modules\selenium-webdriver\lib\webdriver\promise.js:422:7)
    at resolve (C:\LiveAssist_test\test\node_modules\selenium-webdriver\lib\webdriver\promise.js:400:7)
    at fulfill (C:\LiveAssist_test\test\node_modules\selenium-webdriver\lib\webdriver\promise.js:512:5)
    at C:\LiveAssist_test\test\node_modules\selenium-webdriver\lib\goog\base.js:1582:15
    at webdriver.promise.ControlFlow.runInNewFrame_ (C:\LiveAssist_test\test\node_modules\selenium-webdriver\lib\webdriver\promise.js:1640:20)
    at notify (C:\LiveAssist_test\test\node_modules\selenium-webdriver\lib\webdriver\promise.js:444:12)
    at then (C:\LiveAssist_test\test\node_modules\selenium-webdriver\lib\webdriver\promise.js:497:7)
    at Object.webdriver.promise.asap (C:\LiveAssist_test\test\node_modules\selenium-webdriver\lib\webdriver\promise.js:749:11)
    at newFrame.then.e (C:\LiveAssist_test\test\node_modules\selenium-webdriver\lib\webdriver\promise.js:1656:25)
    at C:\LiveAssist_test\test\node_modules\selenium-webdriver\lib\goog\base.js:1582:15
    at webdriver.promise.ControlFlow.runInNewFrame_ (C:\LiveAssist_test\test\node_modules\selenium-webdriver\lib\webdriver\promise.js:1640:20)
    at notify (C:\LiveAssist_test\test\node_modules\selenium-webdriver\lib\webdriver\promise.js:444:12)
    at notifyAll (C:\LiveAssist_test\test\node_modules\selenium-webdriver\lib\webdriver\promise.js:422:7)
    at resolve (C:\LiveAssist_test\test\node_modules\selenium-webdriver\lib\webdriver\promise.js:400:7)
    at fulfill (C:\LiveAssist_test\test\node_modules\selenium-webdriver\lib\webdriver\promise.js:512:5)
    at webdriver.promise.ControlFlow.resolveFrame_ (C:\LiveAssist_test\test\node_modules\selenium-webdriver\lib\webdriver\promise.js:1561:9)
    at webdriver.promise.ControlFlow.getNextTask_ (C:\LiveAssist_test\test\node_modules\selenium-webdriver\lib\webdriver\promise.js:1530:12)
    at webdriver.promise.ControlFlow.runEventLoop_ (C:\LiveAssist_test\test\node_modules\selenium-webdriver\lib\webdriver\promise.js:1488:59)
    at wrapper (timers.js:261:14)
    at Timer.listOnTimeout [as ontimeout] (timers.js:112:15)]]></failure></testcase>
<testcase classname="TC1188: Verify that Live Assist popup calendar when agent selecting date via waive fee intent with basic Arrow - Enter keyboard controls" name="TC1188: Verify that Live Assist popup calendar when agent selecting date via waive fee intent (yyyy-mm) with basic keyboard controls" time="21.93" message="Test case 1188 failed! Please check case log for details"><failure classname="TC1188: Verify that Live Assist popup calendar when agent selecting date via waive fee intent with basic Arrow - Enter keyboard controls" name="TC1188: Verify that Live Assist popup calendar when agent selecting date via waive fee intent (yyyy-mm) with basic keyboard controls" time="21.93" message="Test case 1188 failed! Please check case log for details"><![CDATA[ReferenceError: Test case 1188 failed! Please check case log for details
    at C:\LiveAssist_test\test\QA_TEST2\TC1188.js:784:35
    at C:\LiveAssist_test\test\node_modules\async\lib\async.js:254:17
    at C:\LiveAssist_test\test\node_modules\async\lib\async.js:157:25
    at C:\LiveAssist_test\test\node_modules\async\lib\async.js:251:21
    at C:\LiveAssist_test\test\node_modules\async\lib\async.js:615:34
    at null._onTimeout (C:\LiveAssist_test\test\QA_TEST2\TC1188.js:725:25)
    at Timer.listOnTimeout [as ontimeout] (timers.js:112:15)]]></failure></testcase>
<testcase classname="TC1189: Verify that Live Assist popup calendar when agent selecting date with basic keyboard control Home - Page Up - Page Down" name="TC1189: Verify that Live Assist popup calendar when agent selecting date with basic keyboard control Home - Page Up - Page Down" time="20.55"/>
<testcase classname="TC1190: Verify that Live Assist popup calendar when agent selecting date with basic keyboard control End - Page Up - Page Down" name="TC1190: Verify that Live Assist popup calendar when agent selecting date with basic keyboard control End - Page Up - Page Down" time="20.437"/>
<testcase classname="TC1191: Verify that Live Assist popup calendar when agent selecting date via book flight intent daily view with basic Home-Arrow(key)-Enter keyboard controls" name="TC1191: Verify that Live Assist popup calendar when agent selecting date via book flight intent daily view with basic Home-Arrow(key)-Enter keyboard controls" time="20.348"/>
<testcase classname="TC1192: Verify that Live Assist popup calendar when agent selecting date via book flight intent daily view with basic End-PageUp-PageDown keyboard controls" name="TC1192: Verify that Live Assist popup calendar when agent selecting date via book flight intent daily view with basic End-PageUp-PageDown keyboard controls" time="20.957"/>
<testcase classname="TC1194: Verify that Live Assist simple API multiple interactions can re-enter the same context and escalate call to agent GUI properly" name="TC1194: Verify that Live Assist simple API multiple interactions can re-enter the same context and escalate call to agent GUI properly" time="17.383"/>
<testcase classname="TC1195: Verify that Live Assist MRCP API with resultMediaType for EMMA -&gt; agent intent selection -&gt; check session return" name="TC1195: Verify that Live Assist MRCP API with resultMediaType for EMMA -&gt; agent intent selection -&gt; check session return" time="13.946"/>
<testcase classname="TC1196: Verify that Live Assist MRCP API with resultMediaType for EMMA-&gt; agent outcome selection -&gt; agent GUI response &amp; summary" name="TC1196: Verify that Live Assist MRCP API with resultMediaType for EMMA-&gt; agent outcome selection -&gt; agent GUI response &amp; summary" time="14.354"/>
<testcase classname="TC1197: Verify that Live Assist MRCP API with resultMediaType for NLSML -&gt; agent intent selection -&gt; check session return" name="TC1197: Verify that Live Assist MRCP API with resultMediaType for NLSML -&gt; agent intent selection -&gt; check session return" time="13.807"/>
<testcase classname="TC1198: Verify that Live Assist MRCP API with resultMediaType for NLSML-&gt; agent outcome selection -&gt; agent GUI response &amp; summary" name="TC1198: Verify that Live Assist MRCP API with resultMediaType for NLSML -&gt; agent outcome selection -&gt; agent GUI response &amp; summary" time="13.924"/>
<testcase classname="TC1199: Verify that Live Assist MRCP API with resultMediaType set to NLSML type but recognitionResult using EMMA format input - call should not escalated to agent" name="TC1199: Verify that Live Assist MRCP API with resultMediaType set to NLSML type but recognitionResult using EMMA format input - call should not escalated to agent" time="11.217"/>
<testcase classname="TC1200: Verify that Live Assist MRCP API with resultMediaType set to EMMA type but recognitionResult using NLSML format input - call should not be escalated to agent" name="TC1200: Verify that Live Assist MRCP API with resultMediaType set to EMMA type but recognitionResult using NLSML format input - call should not be escalated to agent" time="11.187"/>
<testcase classname="TC1201: Verify that Live Assist MRCP API with NLSML format input -&gt; agent intent selection with global and variables -&gt; generate agent outcome response via debug api check" name="TC1201: Verify that Live Assist MRCP API with NLSML format input -&gt; agent intent selection with global and variables -&gt; generate agent outcome response via debug api check" time="14.743"/>
<testcase classname="TC1202: Verify that Live Assist MRCP API with NLSML format settings get command grammar to return useASRResult and no escalation" name="TC1202: Verify that Live Assist MRCP API with NLSML format settings get command grammar to return useASRResult and no escalation" time="11.638"/>
<testcase classname="TC1203: Verify that Live Assist no agent timeout via MRCP API and return useASRResult after default timeout" name="TC1203: Verify that Live Assist no agent timeout via MRCP API and return useASRResult after default timeout" time="9.763"/>
<testcase classname="TC1204: Verify that Live Assist no agent timeout via simple IVR API method /inputInteractionStep and return useASRResult after timeout" name="TC1204: Verify that Live Assist no agent timeout via simple IVR API method /inputInteractionStep and return useASRResult after timeout" time="11.77"/>
<testcase classname="TC1570: Verify Tab to move to the next field -&gt; (update contact info) -&gt; (new_address) --&gt; TAB -&gt; (new_phone) --&gt; TAB-&gt; (new email) --&gt; TAB (Done)" name="TC1570: Verify Tab to move to the next field -&gt; (update contact info) -&gt; (new_address) --&gt; TAB -&gt; (new_phone) --&gt; TAB-&gt; (new email) --&gt; TAB (Done)" time="15.566"/>
<testcase classname="TC1571: Verify Tab to move to the next field -&gt; (update contact info) -&gt; (new_address) --&gt; TAB -&gt; (new_phone) --&gt; TAB-&gt; (new email) --&gt; SHIFT+TAB-&gt; (new second email) --&gt; TAB (Done)" name="TC1571: Verify Tab to move to the next field -&gt; (update contact info) -&gt; (new_address) --&gt; TAB -&gt; (new_phone) --&gt; TAB-&gt; (new email) --&gt; SHIFT+TAB-&gt; (new second email) --&gt; TAB (Done)" time="16.032"/>
<testcase classname="TC1572: Verify the call log has the global contextual variables selected for MRCP api call" name="TC1572: Verify the call log has the global contextual variables selected for MRCP api call" time="11.779"/>
<testcase classname="TC1573: Verify that Live Assist Admin agent sign out right after sign in" name="TC1573: Verify that Live Assist Admin agent sign out right after sign in" time="8.002"/>
<testcase classname="TC1574:  Verify ping service in case an admin agent is already logged in" name="TC1574:  Verify ping service in case an admin agent is already logged in" time="10.209"/>
<testcase classname="TC1575:  Verify ping service in case No agent logged in" name="TC1575:  Verify ping service in case No agent logged in" time="5.053"/>
<testcase classname="TC1576:  Verify Getting details about a particular agent by username during Live Assist Admin agent signing in" name="TC1576:  Verify Getting details about a particular agent by username during Live Assist Admin agent signing in
" time="16.35"/>
<testcase classname="TC1577: Verify ping service in case a Live agent is already logged in
" name="TC1577: Verify ping service in case a Live agent is already logged in
" time="10.184"/>
<testcase classname="TC1578: Verify SHIFT+TAB to move back to the field and update contact the info" name="TC1578: Verify SHIFT+TAB to move back to the field and update contact the info
" time="19.087"/>
<testcase classname="TC1579: Verify SHIFT+TAB to move back to the PREVIOUS field and update its information
" name="TC1579: Verify SHIFT+TAB to move back to the PREVIOUS field and update its information
" time="19.61"/>
<testcase classname="TC1581: Verify SHIFT+TAB to move back to the field and update contact the info" name="TC1581: Verify SHIFT+TAB to move back to the field and update contact the info
" time="18.789"/>
<testcase classname="TC1582: Verify Users in admin gui" name="TC1582: Verify Users in admin gui
" time="8.489"/>
<testcase classname="TC1583: Verify Users in admin gui - editAgentButton" name="TC1583: Verify Users in admin gui - editAgentButton
" time="9.123"/>
<testcase classname="TC1584: Verify Users in admin gui - deleteAgentButton" name="TC1584: Verify Users in admin gui - deleteAgentButton
" time="0" message="No element found using locator: By.id(&amp;quot;cancel&amp;quot;)"><failure classname="TC1584: Verify Users in admin gui - deleteAgentButton" name="TC1584: Verify Users in admin gui - deleteAgentButton
" time="0" message="No element found using locator: By.id(&amp;quot;cancel&amp;quot;)"><![CDATA[NoSuchElementError: No element found using locator: By.id(&quot;cancel&quot;)
    at new bot.Error (C:\LiveAssist_test\test\node_modules\selenium-webdriver\lib\atoms\error.js:113:18)
    at C:\LiveAssist_test\test\node_modules\protractor\lib\protractor.js:692:17
    at C:\LiveAssist_test\test\node_modules\selenium-webdriver\lib\goog\base.js:1582:15
    at webdriver.promise.ControlFlow.runInNewFrame_ (C:\LiveAssist_test\test\node_modules\selenium-webdriver\lib\webdriver\promise.js:1640:20)
    at notify (C:\LiveAssist_test\test\node_modules\selenium-webdriver\lib\webdriver\promise.js:444:12)
    at notifyAll (C:\LiveAssist_test\test\node_modules\selenium-webdriver\lib\webdriver\promise.js:422:7)
    at resolve (C:\LiveAssist_test\test\node_modules\selenium-webdriver\lib\webdriver\promise.js:400:7)
    at fulfill (C:\LiveAssist_test\test\node_modules\selenium-webdriver\lib\webdriver\promise.js:512:5)
    at C:\LiveAssist_test\test\node_modules\selenium-webdriver\lib\goog\base.js:1582:15
    at webdriver.promise.ControlFlow.runInNewFrame_ (C:\LiveAssist_test\test\node_modules\selenium-webdriver\lib\webdriver\promise.js:1640:20)
    at notify (C:\LiveAssist_test\test\node_modules\selenium-webdriver\lib\webdriver\promise.js:444:12)
    at then (C:\LiveAssist_test\test\node_modules\selenium-webdriver\lib\webdriver\promise.js:497:7)
    at Object.webdriver.promise.asap (C:\LiveAssist_test\test\node_modules\selenium-webdriver\lib\webdriver\promise.js:749:11)
    at newFrame.then.e (C:\LiveAssist_test\test\node_modules\selenium-webdriver\lib\webdriver\promise.js:1656:25)
    at C:\LiveAssist_test\test\node_modules\selenium-webdriver\lib\goog\base.js:1582:15
    at webdriver.promise.ControlFlow.runInNewFrame_ (C:\LiveAssist_test\test\node_modules\selenium-webdriver\lib\webdriver\promise.js:1640:20)
    at notify (C:\LiveAssist_test\test\node_modules\selenium-webdriver\lib\webdriver\promise.js:444:12)
    at notifyAll (C:\LiveAssist_test\test\node_modules\selenium-webdriver\lib\webdriver\promise.js:422:7)
    at resolve (C:\LiveAssist_test\test\node_modules\selenium-webdriver\lib\webdriver\promise.js:400:7)
    at fulfill (C:\LiveAssist_test\test\node_modules\selenium-webdriver\lib\webdriver\promise.js:512:5)
    at webdriver.promise.ControlFlow.resolveFrame_ (C:\LiveAssist_test\test\node_modules\selenium-webdriver\lib\webdriver\promise.js:1561:9)
    at webdriver.promise.ControlFlow.getNextTask_ (C:\LiveAssist_test\test\node_modules\selenium-webdriver\lib\webdriver\promise.js:1530:12)
    at webdriver.promise.ControlFlow.runEventLoop_ (C:\LiveAssist_test\test\node_modules\selenium-webdriver\lib\webdriver\promise.js:1488:59)
    at wrapper [as _onTimeout] (timers.js:261:14)
    at Timer.listOnTimeout [as ontimeout] (timers.js:112:15)
==== async task ====
WebElement.click()
    at webdriver.WebDriver.schedule (C:\LiveAssist_test\test\node_modules\selenium-webdriver\lib\webdriver\webdriver.js:302:15)
    at webdriver.WebElement.schedule_ (C:\LiveAssist_test\test\node_modules\selenium-webdriver\lib\webdriver\webdriver.js:1665:23)
    at webdriver.WebElement.click (C:\LiveAssist_test\test\node_modules\selenium-webdriver\lib\webdriver\webdriver.js:1770:15)
    at C:\LiveAssist_test\test\QA_TEST2\TC1584.js:535:16
    at C:\LiveAssist_test\test\node_modules\selenium-webdriver\lib\goog\base.js:1582:15
    at webdriver.promise.ControlFlow.runInNewFrame_ (C:\LiveAssist_test\test\node_modules\selenium-webdriver\lib\webdriver\promise.js:1640:20)
    at notify (C:\LiveAssist_test\test\node_modules\selenium-webdriver\lib\webdriver\promise.js:444:12)
    at notifyAll (C:\LiveAssist_test\test\node_modules\selenium-webdriver\lib\webdriver\promise.js:422:7)
    at resolve (C:\LiveAssist_test\test\node_modules\selenium-webdriver\lib\webdriver\promise.js:400:7)
    at fulfill (C:\LiveAssist_test\test\node_modules\selenium-webdriver\lib\webdriver\promise.js:512:5)
    at Object.webdriver.promise.asap (C:\LiveAssist_test\test\node_modules\selenium-webdriver\lib\webdriver\promise.js:758:5)
    at webdriver.promise.ControlFlow.runInNewFrame_ (C:\LiveAssist_test\test\node_modules\selenium-webdriver\lib\webdriver\promise.js:1651:25)
    at notify (C:\LiveAssist_test\test\node_modules\selenium-webdriver\lib\webdriver\promise.js:444:12)
    at notifyAll (C:\LiveAssist_test\test\node_modules\selenium-webdriver\lib\webdriver\promise.js:422:7)
    at resolve (C:\LiveAssist_test\test\node_modules\selenium-webdriver\lib\webdriver\promise.js:400:7)
    at fulfill (C:\LiveAssist_test\test\node_modules\selenium-webdriver\lib\webdriver\promise.js:512:5)
    at C:\LiveAssist_test\test\node_modules\selenium-webdriver\lib\webdriver\promise.js:1507:10
    at C:\LiveAssist_test\test\node_modules\selenium-webdriver\lib\goog\base.js:1582:15
    at webdriver.promise.ControlFlow.runInNewFrame_ (C:\LiveAssist_test\test\node_modules\selenium-webdriver\lib\webdriver\promise.js:1640:20)
    at notify (C:\LiveAssist_test\test\node_modules\selenium-webdriver\lib\webdriver\promise.js:444:12)
    at notifyAll (C:\LiveAssist_test\test\node_modules\selenium-webdriver\lib\webdriver\promise.js:422:7)
    at resolve (C:\LiveAssist_test\test\node_modules\selenium-webdriver\lib\webdriver\promise.js:400:7)
    at fulfill (C:\LiveAssist_test\test\node_modules\selenium-webdriver\lib\webdriver\promise.js:512:5)
    at C:\LiveAssist_test\test\node_modules\selenium-webdriver\lib\goog\base.js:1582:15
    at webdriver.promise.ControlFlow.runInNewFrame_ (C:\LiveAssist_test\test\node_modules\selenium-webdriver\lib\webdriver\promise.js:1640:20)
    at notify (C:\LiveAssist_test\test\node_modules\selenium-webdriver\lib\webdriver\promise.js:444:12)
    at notifyAll (C:\LiveAssist_test\test\node_modules\selenium-webdriver\lib\webdriver\promise.js:422:7)
    at resolve (C:\LiveAssist_test\test\node_modules\selenium-webdriver\lib\webdriver\promise.js:400:7)
    at fulfill (C:\LiveAssist_test\test\node_modules\selenium-webdriver\lib\webdriver\promise.js:512:5)
    at C:\LiveAssist_test\test\node_modules\selenium-webdriver\lib\webdriver\promise.js:703:49
    at C:\LiveAssist_test\test\node_modules\selenium-webdriver\lib\webdriver\http\http.js:96:5
    at IncomingMessage.&lt;anonymous&gt; (C:\LiveAssist_test\test\node_modules\selenium-webdriver\http\index.js:131:7)
    at IncomingMessage.emit (events.js:117:20)
    at _stream_readable.js:943:16
    at process._tickCallback (node.js:419:13)]]></failure></testcase>
<testcase classname="TC1588: Verify the first user from the Users in admin gui - editAgentButton" name="TC1588: Verify the first user from the Users in admin gui - editAgentButton
" time="11.651"/>
<testcase classname="TC1589: Verify the last user from the Users in admin gui - editAgentButton" name="TC1589: Verify the ;ast user from the Users in admin gui - editAgentButton
" time="9.334"/>
<testcase classname="TC1591: Verify values of session and ani in the call log is same as the one in the debugAPI" name="TC1591: Verify the call log has the outcome same as the result of the debug api" time="20.276"/>
<testcase classname="TC1592: Verify the outcome values is same in the call log+result of the debug api an+agent browser gui summary" name="TC1592: Verify the outcome values is same in the call log+result of the debug api an+agent browser gui summary" time="12.423"/>
<testcase classname="TC1593: Verify the intent and the variable in the call log" name="TC1593: Verify the intent and the variable in the call log" time="13.823"/>
<testcase classname="TC1594: Verify the global variables in each of the call log and the result of the debug api and agent browser gui summary" name="TC1594: Verify the global variables in each of the call log and the result of the debug api and agent browser gui summary" time="13.064"/>
<testcase classname="TC1596: Verify The agent should be able to submit a group intent id" name="TC1596: Verify The agent should be able to submit a group intent id" time="0" message="invalid element state
  (Session info: chrome=38.0.2125.122)
  (Driver info: chromedriver=2.12.301325 (962dea43ddd90e7e4224a03fa3c36a421281abb7),platform=Windows NT 5.2 SP2 x86) (WARNING: The server did not provide any stacktrace information)
Command duration or timeout: 31 milliseconds
Build info: version: '2.43.1', revision: '5163bce', time: '2014-09-10 16:27:33'
System info: host: 'mtl-bl1-12-vm10', ip: '10.3.41.73', os.name: 'Windows 2003', os.arch: 'x86', os.version: '5.2', java.version: '1.7.0_60'
Session ID: 4c7a5d579d0f0e0c738115aeb4fe7266
Driver info: org.openqa.selenium.chrome.ChromeDriver
Capabilities [{platform=XP, acceptSslCerts=true, javascriptEnabled=true, browserName=chrome, chrome={userDataDir=C:\DOCUME~1\root\LOCALS~1\Temp\1\scoped_dir7620_12603}, rotatable=false, locationContextEnabled=true, mobileEmulationEnabled=false, version=38.0.2125.122, takesHeapSnapshot=true, cssSelectorsEnabled=true, databaseEnabled=false, handlesAlerts=true, browserConnectionEnabled=false, nativeEvents=true, webStorageEnabled=true, applicationCacheEnabled=false, takesScreenshot=true}]"><failure classname="TC1596: Verify The agent should be able to submit a group intent id" name="TC1596: Verify The agent should be able to submit a group intent id" time="0" message="invalid element state
  (Session info: chrome=38.0.2125.122)
  (Driver info: chromedriver=2.12.301325 (962dea43ddd90e7e4224a03fa3c36a421281abb7),platform=Windows NT 5.2 SP2 x86) (WARNING: The server did not provide any stacktrace information)
Command duration or timeout: 31 milliseconds
Build info: version: '2.43.1', revision: '5163bce', time: '2014-09-10 16:27:33'
System info: host: 'mtl-bl1-12-vm10', ip: '10.3.41.73', os.name: 'Windows 2003', os.arch: 'x86', os.version: '5.2', java.version: '1.7.0_60'
Session ID: 4c7a5d579d0f0e0c738115aeb4fe7266
Driver info: org.openqa.selenium.chrome.ChromeDriver
Capabilities [{platform=XP, acceptSslCerts=true, javascriptEnabled=true, browserName=chrome, chrome={userDataDir=C:\DOCUME~1\root\LOCALS~1\Temp\1\scoped_dir7620_12603}, rotatable=false, locationContextEnabled=true, mobileEmulationEnabled=false, version=38.0.2125.122, takesHeapSnapshot=true, cssSelectorsEnabled=true, databaseEnabled=false, handlesAlerts=true, browserConnectionEnabled=false, nativeEvents=true, webStorageEnabled=true, applicationCacheEnabled=false, takesScreenshot=true}]"><![CDATA[InvalidElementStateError: invalid element state
  (Session info: chrome=38.0.2125.122)
  (Driver info: chromedriver=2.12.301325 (962dea43ddd90e7e4224a03fa3c36a421281abb7),platform=Windows NT 5.2 SP2 x86) (WARNING: The server did not provide any stacktrace information)
Command duration or timeout: 31 milliseconds
Build info: version: '2.43.1', revision: '5163bce', time: '2014-09-10 16:27:33'
System info: host: 'mtl-bl1-12-vm10', ip: '10.3.41.73', os.name: 'Windows 2003', os.arch: 'x86', os.version: '5.2', java.version: '1.7.0_60'
Session ID: 4c7a5d579d0f0e0c738115aeb4fe7266
Driver info: org.openqa.selenium.chrome.ChromeDriver
Capabilities [{platform=XP, acceptSslCerts=true, javascriptEnabled=true, browserName=chrome, chrome={userDataDir=C:\DOCUME~1\root\LOCALS~1\Temp\1\scoped_dir7620_12603}, rotatable=false, locationContextEnabled=true, mobileEmulationEnabled=false, version=38.0.2125.122, takesHeapSnapshot=true, cssSelectorsEnabled=true, databaseEnabled=false, handlesAlerts=true, browserConnectionEnabled=false, nativeEvents=true, webStorageEnabled=true, applicationCacheEnabled=false, takesScreenshot=true}]
    at new bot.Error (C:\LiveAssist_test\test\node_modules\selenium-webdriver\lib\atoms\error.js:113:18)
    at Object.bot.response.checkResponse (C:\LiveAssist_test\test\node_modules\selenium-webdriver\lib\atoms\response.js:106:9)
    at C:\LiveAssist_test\test\node_modules\selenium-webdriver\lib\webdriver\webdriver.js:319:20
    at C:\LiveAssist_test\test\node_modules\selenium-webdriver\lib\goog\base.js:1582:15
    at webdriver.promise.ControlFlow.runInNewFrame_ (C:\LiveAssist_test\test\node_modules\selenium-webdriver\lib\webdriver\promise.js:1640:20)
    at notify (C:\LiveAssist_test\test\node_modules\selenium-webdriver\lib\webdriver\promise.js:444:12)
    at notifyAll (C:\LiveAssist_test\test\node_modules\selenium-webdriver\lib\webdriver\promise.js:422:7)
    at resolve (C:\LiveAssist_test\test\node_modules\selenium-webdriver\lib\webdriver\promise.js:400:7)
    at fulfill (C:\LiveAssist_test\test\node_modules\selenium-webdriver\lib\webdriver\promise.js:512:5)
    at C:\LiveAssist_test\test\node_modules\selenium-webdriver\lib\webdriver\promise.js:1507:10
    at C:\LiveAssist_test\test\node_modules\selenium-webdriver\lib\goog\base.js:1582:15
    at webdriver.promise.ControlFlow.runInNewFrame_ (C:\LiveAssist_test\test\node_modules\selenium-webdriver\lib\webdriver\promise.js:1640:20)
    at notify (C:\LiveAssist_test\test\node_modules\selenium-webdriver\lib\webdriver\promise.js:444:12)
    at notifyAll (C:\LiveAssist_test\test\node_modules\selenium-webdriver\lib\webdriver\promise.js:422:7)
    at resolve (C:\LiveAssist_test\test\node_modules\selenium-webdriver\lib\webdriver\promise.js:400:7)
    at fulfill (C:\LiveAssist_test\test\node_modules\selenium-webdriver\lib\webdriver\promise.js:512:5)
    at C:\LiveAssist_test\test\node_modules\selenium-webdriver\lib\goog\base.js:1582:15
    at webdriver.promise.ControlFlow.runInNewFrame_ (C:\LiveAssist_test\test\node_modules\selenium-webdriver\lib\webdriver\promise.js:1640:20)
    at notify (C:\LiveAssist_test\test\node_modules\selenium-webdriver\lib\webdriver\promise.js:444:12)
    at notifyAll (C:\LiveAssist_test\test\node_modules\selenium-webdriver\lib\webdriver\promise.js:422:7)
    at resolve (C:\LiveAssist_test\test\node_modules\selenium-webdriver\lib\webdriver\promise.js:400:7)
    at fulfill (C:\LiveAssist_test\test\node_modules\selenium-webdriver\lib\webdriver\promise.js:512:5)
    at C:\LiveAssist_test\test\node_modules\selenium-webdriver\lib\webdriver\promise.js:703:49
    at C:\LiveAssist_test\test\node_modules\selenium-webdriver\lib\webdriver\http\http.js:96:5
    at IncomingMessage.&lt;anonymous&gt; (C:\LiveAssist_test\test\node_modules\selenium-webdriver\http\index.js:131:7)
    at IncomingMessage.emit (events.js:117:20)
    at _stream_readable.js:943:16
    at process._tickCallback (node.js:419:13)
==== async task ====
WebElement.sendKeys([object Object])
    at webdriver.WebDriver.schedule (C:\LiveAssist_test\test\node_modules\selenium-webdriver\lib\webdriver\webdriver.js:302:15)
    at webdriver.WebElement.schedule_ (C:\LiveAssist_test\test\node_modules\selenium-webdriver\lib\webdriver\webdriver.js:1665:23)
    at webdriver.WebElement.sendKeys (C:\LiveAssist_test\test\node_modules\selenium-webdriver\lib\webdriver\webdriver.js:1826:15)
    at actionFn (C:\LiveAssist_test\test\node_modules\protractor\lib\protractor.js:134:34)
    at C:\LiveAssist_test\test\node_modules\protractor\lib\protractor.js:431:19
    at Array.forEach (native)
    at C:\LiveAssist_test\test\node_modules\protractor\lib\protractor.js:430:11
    at C:\LiveAssist_test\test\node_modules\selenium-webdriver\lib\goog\base.js:1582:15
    at webdriver.promise.ControlFlow.runInNewFrame_ (C:\LiveAssist_test\test\node_modules\selenium-webdriver\lib\webdriver\promise.js:1640:20)
    at notify (C:\LiveAssist_test\test\node_modules\selenium-webdriver\lib\webdriver\promise.js:444:12)
    at notifyAll (C:\LiveAssist_test\test\node_modules\selenium-webdriver\lib\webdriver\promise.js:422:7)
    at resolve (C:\LiveAssist_test\test\node_modules\selenium-webdriver\lib\webdriver\promise.js:400:7)
    at fulfill (C:\LiveAssist_test\test\node_modules\selenium-webdriver\lib\webdriver\promise.js:512:5)
    at Object.webdriver.promise.asap (C:\LiveAssist_test\test\node_modules\selenium-webdriver\lib\webdriver\promise.js:758:5)
    at webdriver.promise.ControlFlow.runInNewFrame_ (C:\LiveAssist_test\test\node_modules\selenium-webdriver\lib\webdriver\promise.js:1651:25)
    at notify (C:\LiveAssist_test\test\node_modules\selenium-webdriver\lib\webdriver\promise.js:444:12)
    at notifyAll (C:\LiveAssist_test\test\node_modules\selenium-webdriver\lib\webdriver\promise.js:422:7)
    at resolve (C:\LiveAssist_test\test\node_modules\selenium-webdriver\lib\webdriver\promise.js:400:7)
    at fulfill (C:\LiveAssist_test\test\node_modules\selenium-webdriver\lib\webdriver\promise.js:512:5)
    at C:\LiveAssist_test\test\node_modules\selenium-webdriver\lib\goog\base.js:1582:15
    at webdriver.promise.ControlFlow.runInNewFrame_ (C:\LiveAssist_test\test\node_modules\selenium-webdriver\lib\webdriver\promise.js:1640:20)
    at notify (C:\LiveAssist_test\test\node_modules\selenium-webdriver\lib\webdriver\promise.js:444:12)
    at then (C:\LiveAssist_test\test\node_modules\selenium-webdriver\lib\webdriver\promise.js:497:7)
    at Object.webdriver.promise.asap (C:\LiveAssist_test\test\node_modules\selenium-webdriver\lib\webdriver\promise.js:749:11)
    at newFrame.then.e (C:\LiveAssist_test\test\node_modules\selenium-webdriver\lib\webdriver\promise.js:1656:25)
    at C:\LiveAssist_test\test\node_modules\selenium-webdriver\lib\goog\base.js:1582:15
    at webdriver.promise.ControlFlow.runInNewFrame_ (C:\LiveAssist_test\test\node_modules\selenium-webdriver\lib\webdriver\promise.js:1640:20)
    at notify (C:\LiveAssist_test\test\node_modules\selenium-webdriver\lib\webdriver\promise.js:444:12)
    at notifyAll (C:\LiveAssist_test\test\node_modules\selenium-webdriver\lib\webdriver\promise.js:422:7)
    at resolve (C:\LiveAssist_test\test\node_modules\selenium-webdriver\lib\webdriver\promise.js:400:7)
    at fulfill (C:\LiveAssist_test\test\node_modules\selenium-webdriver\lib\webdriver\promise.js:512:5)
    at webdriver.promise.ControlFlow.resolveFrame_ (C:\LiveAssist_test\test\node_modules\selenium-webdriver\lib\webdriver\promise.js:1561:9)
    at webdriver.promise.ControlFlow.getNextTask_ (C:\LiveAssist_test\test\node_modules\selenium-webdriver\lib\webdriver\promise.js:1530:12)
    at webdriver.promise.ControlFlow.runEventLoop_ (C:\LiveAssist_test\test\node_modules\selenium-webdriver\lib\webdriver\promise.js:1488:59)
    at wrapper [as _onTimeout] (timers.js:261:14)
    at Timer.listOnTimeout [as ontimeout] (timers.js:112:15)
Error
    at self.(anonymous function) [as sendKeys] (C:\LiveAssist_test\test\node_modules\protractor\lib\protractor.js:131:27)
    at self.(anonymous function) [as sendKeys] (C:\LiveAssist_test\test\node_modules\protractor\lib\protractor.js:719:13)
    at async.series.ptor.element.getText.then.lastResponse_intent (C:\LiveAssist_test\test\QA_TEST2\TC1596.js:610:30)
    at C:\LiveAssist_test\test\node_modules\async\lib\async.js:610:21
    at C:\LiveAssist_test\test\node_modules\async\lib\async.js:249:17
    at iterate (C:\LiveAssist_test\test\node_modules\async\lib\async.js:149:13)
    at C:\LiveAssist_test\test\node_modules\async\lib\async.js:160:25
    at C:\LiveAssist_test\test\node_modules\async\lib\async.js:251:21
    at C:\LiveAssist_test\test\node_modules\async\lib\async.js:615:34
    at C:\LiveAssist_test\test\QA_TEST2\TC1596.js:584:53
    at C:\LiveAssist_test\test\node_modules\selenium-webdriver\lib\goog\base.js:1582:15
    at webdriver.promise.ControlFlow.runInNewFrame_ (C:\LiveAssist_test\test\node_modules\selenium-webdriver\lib\webdriver\promise.js:1640:20)
    at notify (C:\LiveAssist_test\test\node_modules\selenium-webdriver\lib\webdriver\promise.js:444:12)
    at notifyAll (C:\LiveAssist_test\test\node_modules\selenium-webdriver\lib\webdriver\promise.js:422:7)
    at resolve (C:\LiveAssist_test\test\node_modules\selenium-webdriver\lib\webdriver\promise.js:400:7)
    at fulfill (C:\LiveAssist_test\test\node_modules\selenium-webdriver\lib\webdriver\promise.js:512:5)
    at Object.webdriver.promise.asap (C:\LiveAssist_test\test\node_modules\selenium-webdriver\lib\webdriver\promise.js:758:5)
    at webdriver.promise.ControlFlow.runInNewFrame_ (C:\LiveAssist_test\test\node_modules\selenium-webdriver\lib\webdriver\promise.js:1651:25)
    at notify (C:\LiveAssist_test\test\node_modules\selenium-webdriver\lib\webdriver\promise.js:444:12)
    at notifyAll (C:\LiveAssist_test\test\node_modules\selenium-webdriver\lib\webdriver\promise.js:422:7)
    at resolve (C:\LiveAssist_test\test\node_modules\selenium-webdriver\lib\webdriver\promise.js:400:7)
    at fulfill (C:\LiveAssist_test\test\node_modules\selenium-webdriver\lib\webdriver\promise.js:512:5)
    at C:\LiveAssist_test\test\node_modules\selenium-webdriver\lib\webdriver\promise.js:1507:10
    at C:\LiveAssist_test\test\node_modules\selenium-webdriver\lib\goog\base.js:1582:15
    at webdriver.promise.ControlFlow.runInNewFrame_ (C:\LiveAssist_test\test\node_modules\selenium-webdriver\lib\webdriver\promise.js:1640:20)
    at notify (C:\LiveAssist_test\test\node_modules\selenium-webdriver\lib\webdriver\promise.js:444:12)
    at notifyAll (C:\LiveAssist_test\test\node_modules\selenium-webdriver\lib\webdriver\promise.js:422:7)
    at resolve (C:\LiveAssist_test\test\node_modules\selenium-webdriver\lib\webdriver\promise.js:400:7)
    at fulfill (C:\LiveAssist_test\test\node_modules\selenium-webdriver\lib\webdriver\promise.js:512:5)
    at C:\LiveAssist_test\test\node_modules\selenium-webdriver\lib\goog\base.js:1582:15
    at webdriver.promise.ControlFlow.runInNewFrame_ (C:\LiveAssist_test\test\node_modules\selenium-webdriver\lib\webdriver\promise.js:1640:20)
    at notify (C:\LiveAssist_test\test\node_modules\selenium-webdriver\lib\webdriver\promise.js:444:12)
    at notifyAll (C:\LiveAssist_test\test\node_modules\selenium-webdriver\lib\webdriver\promise.js:422:7)
    at resolve (C:\LiveAssist_test\test\node_modules\selenium-webdriver\lib\webdriver\promise.js:400:7)
    at fulfill (C:\LiveAssist_test\test\node_modules\selenium-webdriver\lib\webdriver\promise.js:512:5)
    at C:\LiveAssist_test\test\node_modules\selenium-webdriver\lib\webdriver\promise.js:703:49
    at C:\LiveAssist_test\test\node_modules\selenium-webdriver\lib\webdriver\http\http.js:96:5
    at IncomingMessage.&lt;anonymous&gt; (C:\LiveAssist_test\test\node_modules\selenium-webdriver\http\index.js:131:7)
    at IncomingMessage.emit (events.js:117:20)
    at _stream_readable.js:943:16
    at process._tickCallback (node.js:419:13)]]></failure></testcase>
<testcase classname="TC1597: Verify The agent should be able to submit a group intent id to BILLING main group " name="TC1597: Verify The agent should be able to submit a group intent id to BILLING main group " time="0" message="invalid element state
  (Session info: chrome=38.0.2125.122)
  (Driver info: chromedriver=2.12.301325 (962dea43ddd90e7e4224a03fa3c36a421281abb7),platform=Windows NT 5.2 SP2 x86) (WARNING: The server did not provide any stacktrace information)
Command duration or timeout: 15 milliseconds
Build info: version: '2.43.1', revision: '5163bce', time: '2014-09-10 16:27:33'
System info: host: 'mtl-bl1-12-vm10', ip: '10.3.41.73', os.name: 'Windows 2003', os.arch: 'x86', os.version: '5.2', java.version: '1.7.0_60'
Session ID: 13973034923729fe861274c2bbade1d1
Driver info: org.openqa.selenium.chrome.ChromeDriver
Capabilities [{platform=XP, acceptSslCerts=true, javascriptEnabled=true, browserName=chrome, chrome={userDataDir=C:\DOCUME~1\root\LOCALS~1\Temp\1\scoped_dir4964_23142}, rotatable=false, locationContextEnabled=true, mobileEmulationEnabled=false, version=38.0.2125.122, takesHeapSnapshot=true, cssSelectorsEnabled=true, databaseEnabled=false, handlesAlerts=true, browserConnectionEnabled=false, nativeEvents=true, webStorageEnabled=true, applicationCacheEnabled=false, takesScreenshot=true}]"><failure classname="TC1597: Verify The agent should be able to submit a group intent id to BILLING main group " name="TC1597: Verify The agent should be able to submit a group intent id to BILLING main group " time="0" message="invalid element state
  (Session info: chrome=38.0.2125.122)
  (Driver info: chromedriver=2.12.301325 (962dea43ddd90e7e4224a03fa3c36a421281abb7),platform=Windows NT 5.2 SP2 x86) (WARNING: The server did not provide any stacktrace information)
Command duration or timeout: 15 milliseconds
Build info: version: '2.43.1', revision: '5163bce', time: '2014-09-10 16:27:33'
System info: host: 'mtl-bl1-12-vm10', ip: '10.3.41.73', os.name: 'Windows 2003', os.arch: 'x86', os.version: '5.2', java.version: '1.7.0_60'
Session ID: 13973034923729fe861274c2bbade1d1
Driver info: org.openqa.selenium.chrome.ChromeDriver
Capabilities [{platform=XP, acceptSslCerts=true, javascriptEnabled=true, browserName=chrome, chrome={userDataDir=C:\DOCUME~1\root\LOCALS~1\Temp\1\scoped_dir4964_23142}, rotatable=false, locationContextEnabled=true, mobileEmulationEnabled=false, version=38.0.2125.122, takesHeapSnapshot=true, cssSelectorsEnabled=true, databaseEnabled=false, handlesAlerts=true, browserConnectionEnabled=false, nativeEvents=true, webStorageEnabled=true, applicationCacheEnabled=false, takesScreenshot=true}]"><![CDATA[InvalidElementStateError: invalid element state
  (Session info: chrome=38.0.2125.122)
  (Driver info: chromedriver=2.12.301325 (962dea43ddd90e7e4224a03fa3c36a421281abb7),platform=Windows NT 5.2 SP2 x86) (WARNING: The server did not provide any stacktrace information)
Command duration or timeout: 15 milliseconds
Build info: version: '2.43.1', revision: '5163bce', time: '2014-09-10 16:27:33'
System info: host: 'mtl-bl1-12-vm10', ip: '10.3.41.73', os.name: 'Windows 2003', os.arch: 'x86', os.version: '5.2', java.version: '1.7.0_60'
Session ID: 13973034923729fe861274c2bbade1d1
Driver info: org.openqa.selenium.chrome.ChromeDriver
Capabilities [{platform=XP, acceptSslCerts=true, javascriptEnabled=true, browserName=chrome, chrome={userDataDir=C:\DOCUME~1\root\LOCALS~1\Temp\1\scoped_dir4964_23142}, rotatable=false, locationContextEnabled=true, mobileEmulationEnabled=false, version=38.0.2125.122, takesHeapSnapshot=true, cssSelectorsEnabled=true, databaseEnabled=false, handlesAlerts=true, browserConnectionEnabled=false, nativeEvents=true, webStorageEnabled=true, applicationCacheEnabled=false, takesScreenshot=true}]
    at new bot.Error (C:\LiveAssist_test\test\node_modules\selenium-webdriver\lib\atoms\error.js:113:18)
    at Object.bot.response.checkResponse (C:\LiveAssist_test\test\node_modules\selenium-webdriver\lib\atoms\response.js:106:9)
    at C:\LiveAssist_test\test\node_modules\selenium-webdriver\lib\webdriver\webdriver.js:319:20
    at C:\LiveAssist_test\test\node_modules\selenium-webdriver\lib\goog\base.js:1582:15
    at webdriver.promise.ControlFlow.runInNewFrame_ (C:\LiveAssist_test\test\node_modules\selenium-webdriver\lib\webdriver\promise.js:1640:20)
    at notify (C:\LiveAssist_test\test\node_modules\selenium-webdriver\lib\webdriver\promise.js:444:12)
    at notifyAll (C:\LiveAssist_test\test\node_modules\selenium-webdriver\lib\webdriver\promise.js:422:7)
    at resolve (C:\LiveAssist_test\test\node_modules\selenium-webdriver\lib\webdriver\promise.js:400:7)
    at fulfill (C:\LiveAssist_test\test\node_modules\selenium-webdriver\lib\webdriver\promise.js:512:5)
    at C:\LiveAssist_test\test\node_modules\selenium-webdriver\lib\webdriver\promise.js:1507:10
    at C:\LiveAssist_test\test\node_modules\selenium-webdriver\lib\goog\base.js:1582:15
    at webdriver.promise.ControlFlow.runInNewFrame_ (C:\LiveAssist_test\test\node_modules\selenium-webdriver\lib\webdriver\promise.js:1640:20)
    at notify (C:\LiveAssist_test\test\node_modules\selenium-webdriver\lib\webdriver\promise.js:444:12)
    at notifyAll (C:\LiveAssist_test\test\node_modules\selenium-webdriver\lib\webdriver\promise.js:422:7)
    at resolve (C:\LiveAssist_test\test\node_modules\selenium-webdriver\lib\webdriver\promise.js:400:7)
    at fulfill (C:\LiveAssist_test\test\node_modules\selenium-webdriver\lib\webdriver\promise.js:512:5)
    at C:\LiveAssist_test\test\node_modules\selenium-webdriver\lib\goog\base.js:1582:15
    at webdriver.promise.ControlFlow.runInNewFrame_ (C:\LiveAssist_test\test\node_modules\selenium-webdriver\lib\webdriver\promise.js:1640:20)
    at notify (C:\LiveAssist_test\test\node_modules\selenium-webdriver\lib\webdriver\promise.js:444:12)
    at notifyAll (C:\LiveAssist_test\test\node_modules\selenium-webdriver\lib\webdriver\promise.js:422:7)
    at resolve (C:\LiveAssist_test\test\node_modules\selenium-webdriver\lib\webdriver\promise.js:400:7)
    at fulfill (C:\LiveAssist_test\test\node_modules\selenium-webdriver\lib\webdriver\promise.js:512:5)
    at C:\LiveAssist_test\test\node_modules\selenium-webdriver\lib\webdriver\promise.js:703:49
    at C:\LiveAssist_test\test\node_modules\selenium-webdriver\lib\webdriver\http\http.js:96:5
    at IncomingMessage.&lt;anonymous&gt; (C:\LiveAssist_test\test\node_modules\selenium-webdriver\http\index.js:131:7)
    at IncomingMessage.emit (events.js:117:20)
    at _stream_readable.js:943:16
    at process._tickCallback (node.js:419:13)
==== async task ====
WebElement.sendKeys([object Object])
    at webdriver.WebDriver.schedule (C:\LiveAssist_test\test\node_modules\selenium-webdriver\lib\webdriver\webdriver.js:302:15)
    at webdriver.WebElement.schedule_ (C:\LiveAssist_test\test\node_modules\selenium-webdriver\lib\webdriver\webdriver.js:1665:23)
    at webdriver.WebElement.sendKeys (C:\LiveAssist_test\test\node_modules\selenium-webdriver\lib\webdriver\webdriver.js:1826:15)
    at actionFn (C:\LiveAssist_test\test\node_modules\protractor\lib\protractor.js:134:34)
    at C:\LiveAssist_test\test\node_modules\protractor\lib\protractor.js:431:19
    at Array.forEach (native)
    at C:\LiveAssist_test\test\node_modules\protractor\lib\protractor.js:430:11
    at C:\LiveAssist_test\test\node_modules\selenium-webdriver\lib\goog\base.js:1582:15
    at webdriver.promise.ControlFlow.runInNewFrame_ (C:\LiveAssist_test\test\node_modules\selenium-webdriver\lib\webdriver\promise.js:1640:20)
    at notify (C:\LiveAssist_test\test\node_modules\selenium-webdriver\lib\webdriver\promise.js:444:12)
    at notifyAll (C:\LiveAssist_test\test\node_modules\selenium-webdriver\lib\webdriver\promise.js:422:7)
    at resolve (C:\LiveAssist_test\test\node_modules\selenium-webdriver\lib\webdriver\promise.js:400:7)
    at fulfill (C:\LiveAssist_test\test\node_modules\selenium-webdriver\lib\webdriver\promise.js:512:5)
    at Object.webdriver.promise.asap (C:\LiveAssist_test\test\node_modules\selenium-webdriver\lib\webdriver\promise.js:758:5)
    at webdriver.promise.ControlFlow.runInNewFrame_ (C:\LiveAssist_test\test\node_modules\selenium-webdriver\lib\webdriver\promise.js:1651:25)
    at notify (C:\LiveAssist_test\test\node_modules\selenium-webdriver\lib\webdriver\promise.js:444:12)
    at notifyAll (C:\LiveAssist_test\test\node_modules\selenium-webdriver\lib\webdriver\promise.js:422:7)
    at resolve (C:\LiveAssist_test\test\node_modules\selenium-webdriver\lib\webdriver\promise.js:400:7)
    at fulfill (C:\LiveAssist_test\test\node_modules\selenium-webdriver\lib\webdriver\promise.js:512:5)
    at C:\LiveAssist_test\test\node_modules\selenium-webdriver\lib\goog\base.js:1582:15
    at webdriver.promise.ControlFlow.runInNewFrame_ (C:\LiveAssist_test\test\node_modules\selenium-webdriver\lib\webdriver\promise.js:1640:20)
    at notify (C:\LiveAssist_test\test\node_modules\selenium-webdriver\lib\webdriver\promise.js:444:12)
    at then (C:\LiveAssist_test\test\node_modules\selenium-webdriver\lib\webdriver\promise.js:497:7)
    at Object.webdriver.promise.asap (C:\LiveAssist_test\test\node_modules\selenium-webdriver\lib\webdriver\promise.js:749:11)
    at newFrame.then.e (C:\LiveAssist_test\test\node_modules\selenium-webdriver\lib\webdriver\promise.js:1656:25)
    at C:\LiveAssist_test\test\node_modules\selenium-webdriver\lib\goog\base.js:1582:15
    at webdriver.promise.ControlFlow.runInNewFrame_ (C:\LiveAssist_test\test\node_modules\selenium-webdriver\lib\webdriver\promise.js:1640:20)
    at notify (C:\LiveAssist_test\test\node_modules\selenium-webdriver\lib\webdriver\promise.js:444:12)
    at notifyAll (C:\LiveAssist_test\test\node_modules\selenium-webdriver\lib\webdriver\promise.js:422:7)
    at resolve (C:\LiveAssist_test\test\node_modules\selenium-webdriver\lib\webdriver\promise.js:400:7)
    at fulfill (C:\LiveAssist_test\test\node_modules\selenium-webdriver\lib\webdriver\promise.js:512:5)
    at webdriver.promise.ControlFlow.resolveFrame_ (C:\LiveAssist_test\test\node_modules\selenium-webdriver\lib\webdriver\promise.js:1561:9)
    at webdriver.promise.ControlFlow.getNextTask_ (C:\LiveAssist_test\test\node_modules\selenium-webdriver\lib\webdriver\promise.js:1530:12)
    at webdriver.promise.ControlFlow.runEventLoop_ (C:\LiveAssist_test\test\node_modules\selenium-webdriver\lib\webdriver\promise.js:1488:59)
    at wrapper [as _onTimeout] (timers.js:261:14)
    at Timer.listOnTimeout [as ontimeout] (timers.js:112:15)
Error
    at self.(anonymous function) [as sendKeys] (C:\LiveAssist_test\test\node_modules\protractor\lib\protractor.js:131:27)
    at self.(anonymous function) [as sendKeys] (C:\LiveAssist_test\test\node_modules\protractor\lib\protractor.js:719:13)
    at async.series.ptor.element.getText.then.lastResponse_intent (C:\LiveAssist_test\test\QA_TEST2\TC1597.js:596:30)
    at C:\LiveAssist_test\test\node_modules\async\lib\async.js:610:21
    at C:\LiveAssist_test\test\node_modules\async\lib\async.js:249:17
    at iterate (C:\LiveAssist_test\test\node_modules\async\lib\async.js:149:13)
    at C:\LiveAssist_test\test\node_modules\async\lib\async.js:160:25
    at C:\LiveAssist_test\test\node_modules\async\lib\async.js:251:21
    at C:\LiveAssist_test\test\node_modules\async\lib\async.js:615:34
    at C:\LiveAssist_test\test\QA_TEST2\TC1597.js:555:53
    at C:\LiveAssist_test\test\node_modules\protractor\lib\protractor.js:765:14
    at C:\LiveAssist_test\test\node_modules\selenium-webdriver\lib\goog\base.js:1582:15
    at webdriver.promise.ControlFlow.runInNewFrame_ (C:\LiveAssist_test\test\node_modules\selenium-webdriver\lib\webdriver\promise.js:1640:20)
    at notify (C:\LiveAssist_test\test\node_modules\selenium-webdriver\lib\webdriver\promise.js:444:12)
    at notifyAll (C:\LiveAssist_test\test\node_modules\selenium-webdriver\lib\webdriver\promise.js:422:7)
    at resolve (C:\LiveAssist_test\test\node_modules\selenium-webdriver\lib\webdriver\promise.js:400:7)
    at fulfill (C:\LiveAssist_test\test\node_modules\selenium-webdriver\lib\webdriver\promise.js:512:5)
    at C:\LiveAssist_test\test\node_modules\selenium-webdriver\lib\goog\base.js:1582:15
    at webdriver.promise.ControlFlow.runInNewFrame_ (C:\LiveAssist_test\test\node_modules\selenium-webdriver\lib\webdriver\promise.js:1640:20)
    at notify (C:\LiveAssist_test\test\node_modules\selenium-webdriver\lib\webdriver\promise.js:444:12)
    at then (C:\LiveAssist_test\test\node_modules\selenium-webdriver\lib\webdriver\promise.js:497:7)
    at Object.webdriver.promise.asap (C:\LiveAssist_test\test\node_modules\selenium-webdriver\lib\webdriver\promise.js:749:11)
    at newFrame.then.e (C:\LiveAssist_test\test\node_modules\selenium-webdriver\lib\webdriver\promise.js:1656:25)
    at C:\LiveAssist_test\test\node_modules\selenium-webdriver\lib\goog\base.js:1582:15
    at webdriver.promise.ControlFlow.runInNewFrame_ (C:\LiveAssist_test\test\node_modules\selenium-webdriver\lib\webdriver\promise.js:1640:20)
    at notify (C:\LiveAssist_test\test\node_modules\selenium-webdriver\lib\webdriver\promise.js:444:12)
    at notifyAll (C:\LiveAssist_test\test\node_modules\selenium-webdriver\lib\webdriver\promise.js:422:7)
    at resolve (C:\LiveAssist_test\test\node_modules\selenium-webdriver\lib\webdriver\promise.js:400:7)
    at fulfill (C:\LiveAssist_test\test\node_modules\selenium-webdriver\lib\webdriver\promise.js:512:5)
    at webdriver.promise.ControlFlow.resolveFrame_ (C:\LiveAssist_test\test\node_modules\selenium-webdriver\lib\webdriver\promise.js:1561:9)
    at webdriver.promise.ControlFlow.getNextTask_ (C:\LiveAssist_test\test\node_modules\selenium-webdriver\lib\webdriver\promise.js:1530:12)
    at webdriver.promise.ControlFlow.runEventLoop_ (C:\LiveAssist_test\test\node_modules\selenium-webdriver\lib\webdriver\promise.js:1488:59)
    at wrapper [as _onTimeout] (timers.js:261:14)
    at Timer.listOnTimeout [as ontimeout] (timers.js:112:15)]]></failure></testcase>
<testcase classname="TC1598: Verify The agent should be able to submit a group intent id to Late_fee sub group " name="TC1598: Verify The agent should be able to submit a group intent id to Late_fee sub group" time="0" message="invalid element state
  (Session info: chrome=38.0.2125.122)
  (Driver info: chromedriver=2.12.301325 (962dea43ddd90e7e4224a03fa3c36a421281abb7),platform=Windows NT 5.2 SP2 x86) (WARNING: The server did not provide any stacktrace information)
Command duration or timeout: 31 milliseconds
Build info: version: '2.43.1', revision: '5163bce', time: '2014-09-10 16:27:33'
System info: host: 'mtl-bl1-12-vm10', ip: '10.3.41.73', os.name: 'Windows 2003', os.arch: 'x86', os.version: '5.2', java.version: '1.7.0_60'
Session ID: afb0a00884747c4efd2e1175e68cc8de
Driver info: org.openqa.selenium.chrome.ChromeDriver
Capabilities [{platform=XP, acceptSslCerts=true, javascriptEnabled=true, browserName=chrome, chrome={userDataDir=C:\DOCUME~1\root\LOCALS~1\Temp\1\scoped_dir3032_30800}, rotatable=false, locationContextEnabled=true, mobileEmulationEnabled=false, version=38.0.2125.122, takesHeapSnapshot=true, cssSelectorsEnabled=true, databaseEnabled=false, handlesAlerts=true, browserConnectionEnabled=false, nativeEvents=true, webStorageEnabled=true, applicationCacheEnabled=false, takesScreenshot=true}]"><failure classname="TC1598: Verify The agent should be able to submit a group intent id to Late_fee sub group " name="TC1598: Verify The agent should be able to submit a group intent id to Late_fee sub group" time="0" message="invalid element state
  (Session info: chrome=38.0.2125.122)
  (Driver info: chromedriver=2.12.301325 (962dea43ddd90e7e4224a03fa3c36a421281abb7),platform=Windows NT 5.2 SP2 x86) (WARNING: The server did not provide any stacktrace information)
Command duration or timeout: 31 milliseconds
Build info: version: '2.43.1', revision: '5163bce', time: '2014-09-10 16:27:33'
System info: host: 'mtl-bl1-12-vm10', ip: '10.3.41.73', os.name: 'Windows 2003', os.arch: 'x86', os.version: '5.2', java.version: '1.7.0_60'
Session ID: afb0a00884747c4efd2e1175e68cc8de
Driver info: org.openqa.selenium.chrome.ChromeDriver
Capabilities [{platform=XP, acceptSslCerts=true, javascriptEnabled=true, browserName=chrome, chrome={userDataDir=C:\DOCUME~1\root\LOCALS~1\Temp\1\scoped_dir3032_30800}, rotatable=false, locationContextEnabled=true, mobileEmulationEnabled=false, version=38.0.2125.122, takesHeapSnapshot=true, cssSelectorsEnabled=true, databaseEnabled=false, handlesAlerts=true, browserConnectionEnabled=false, nativeEvents=true, webStorageEnabled=true, applicationCacheEnabled=false, takesScreenshot=true}]"><![CDATA[InvalidElementStateError: invalid element state
  (Session info: chrome=38.0.2125.122)
  (Driver info: chromedriver=2.12.301325 (962dea43ddd90e7e4224a03fa3c36a421281abb7),platform=Windows NT 5.2 SP2 x86) (WARNING: The server did not provide any stacktrace information)
Command duration or timeout: 31 milliseconds
Build info: version: '2.43.1', revision: '5163bce', time: '2014-09-10 16:27:33'
System info: host: 'mtl-bl1-12-vm10', ip: '10.3.41.73', os.name: 'Windows 2003', os.arch: 'x86', os.version: '5.2', java.version: '1.7.0_60'
Session ID: afb0a00884747c4efd2e1175e68cc8de
Driver info: org.openqa.selenium.chrome.ChromeDriver
Capabilities [{platform=XP, acceptSslCerts=true, javascriptEnabled=true, browserName=chrome, chrome={userDataDir=C:\DOCUME~1\root\LOCALS~1\Temp\1\scoped_dir3032_30800}, rotatable=false, locationContextEnabled=true, mobileEmulationEnabled=false, version=38.0.2125.122, takesHeapSnapshot=true, cssSelectorsEnabled=true, databaseEnabled=false, handlesAlerts=true, browserConnectionEnabled=false, nativeEvents=true, webStorageEnabled=true, applicationCacheEnabled=false, takesScreenshot=true}]
    at new bot.Error (C:\LiveAssist_test\test\node_modules\selenium-webdriver\lib\atoms\error.js:113:18)
    at Object.bot.response.checkResponse (C:\LiveAssist_test\test\node_modules\selenium-webdriver\lib\atoms\response.js:106:9)
    at C:\LiveAssist_test\test\node_modules\selenium-webdriver\lib\webdriver\webdriver.js:319:20
    at C:\LiveAssist_test\test\node_modules\selenium-webdriver\lib\goog\base.js:1582:15
    at webdriver.promise.ControlFlow.runInNewFrame_ (C:\LiveAssist_test\test\node_modules\selenium-webdriver\lib\webdriver\promise.js:1640:20)
    at notify (C:\LiveAssist_test\test\node_modules\selenium-webdriver\lib\webdriver\promise.js:444:12)
    at notifyAll (C:\LiveAssist_test\test\node_modules\selenium-webdriver\lib\webdriver\promise.js:422:7)
    at resolve (C:\LiveAssist_test\test\node_modules\selenium-webdriver\lib\webdriver\promise.js:400:7)
    at fulfill (C:\LiveAssist_test\test\node_modules\selenium-webdriver\lib\webdriver\promise.js:512:5)
    at C:\LiveAssist_test\test\node_modules\selenium-webdriver\lib\webdriver\promise.js:1507:10
    at C:\LiveAssist_test\test\node_modules\selenium-webdriver\lib\goog\base.js:1582:15
    at webdriver.promise.ControlFlow.runInNewFrame_ (C:\LiveAssist_test\test\node_modules\selenium-webdriver\lib\webdriver\promise.js:1640:20)
    at notify (C:\LiveAssist_test\test\node_modules\selenium-webdriver\lib\webdriver\promise.js:444:12)
    at notifyAll (C:\LiveAssist_test\test\node_modules\selenium-webdriver\lib\webdriver\promise.js:422:7)
    at resolve (C:\LiveAssist_test\test\node_modules\selenium-webdriver\lib\webdriver\promise.js:400:7)
    at fulfill (C:\LiveAssist_test\test\node_modules\selenium-webdriver\lib\webdriver\promise.js:512:5)
    at C:\LiveAssist_test\test\node_modules\selenium-webdriver\lib\goog\base.js:1582:15
    at webdriver.promise.ControlFlow.runInNewFrame_ (C:\LiveAssist_test\test\node_modules\selenium-webdriver\lib\webdriver\promise.js:1640:20)
    at notify (C:\LiveAssist_test\test\node_modules\selenium-webdriver\lib\webdriver\promise.js:444:12)
    at notifyAll (C:\LiveAssist_test\test\node_modules\selenium-webdriver\lib\webdriver\promise.js:422:7)
    at resolve (C:\LiveAssist_test\test\node_modules\selenium-webdriver\lib\webdriver\promise.js:400:7)
    at fulfill (C:\LiveAssist_test\test\node_modules\selenium-webdriver\lib\webdriver\promise.js:512:5)
    at C:\LiveAssist_test\test\node_modules\selenium-webdriver\lib\webdriver\promise.js:703:49
    at C:\LiveAssist_test\test\node_modules\selenium-webdriver\lib\webdriver\http\http.js:96:5
    at IncomingMessage.&lt;anonymous&gt; (C:\LiveAssist_test\test\node_modules\selenium-webdriver\http\index.js:131:7)
    at IncomingMessage.emit (events.js:117:20)
    at _stream_readable.js:943:16
    at process._tickCallback (node.js:419:13)
==== async task ====
WebElement.sendKeys([object Object])
    at webdriver.WebDriver.schedule (C:\LiveAssist_test\test\node_modules\selenium-webdriver\lib\webdriver\webdriver.js:302:15)
    at webdriver.WebElement.schedule_ (C:\LiveAssist_test\test\node_modules\selenium-webdriver\lib\webdriver\webdriver.js:1665:23)
    at webdriver.WebElement.sendKeys (C:\LiveAssist_test\test\node_modules\selenium-webdriver\lib\webdriver\webdriver.js:1826:15)
    at actionFn (C:\LiveAssist_test\test\node_modules\protractor\lib\protractor.js:134:34)
    at C:\LiveAssist_test\test\node_modules\protractor\lib\protractor.js:431:19
    at Array.forEach (native)
    at C:\LiveAssist_test\test\node_modules\protractor\lib\protractor.js:430:11
    at C:\LiveAssist_test\test\node_modules\selenium-webdriver\lib\goog\base.js:1582:15
    at webdriver.promise.ControlFlow.runInNewFrame_ (C:\LiveAssist_test\test\node_modules\selenium-webdriver\lib\webdriver\promise.js:1640:20)
    at notify (C:\LiveAssist_test\test\node_modules\selenium-webdriver\lib\webdriver\promise.js:444:12)
    at notifyAll (C:\LiveAssist_test\test\node_modules\selenium-webdriver\lib\webdriver\promise.js:422:7)
    at resolve (C:\LiveAssist_test\test\node_modules\selenium-webdriver\lib\webdriver\promise.js:400:7)
    at fulfill (C:\LiveAssist_test\test\node_modules\selenium-webdriver\lib\webdriver\promise.js:512:5)
    at Object.webdriver.promise.asap (C:\LiveAssist_test\test\node_modules\selenium-webdriver\lib\webdriver\promise.js:758:5)
    at webdriver.promise.ControlFlow.runInNewFrame_ (C:\LiveAssist_test\test\node_modules\selenium-webdriver\lib\webdriver\promise.js:1651:25)
    at notify (C:\LiveAssist_test\test\node_modules\selenium-webdriver\lib\webdriver\promise.js:444:12)
    at notifyAll (C:\LiveAssist_test\test\node_modules\selenium-webdriver\lib\webdriver\promise.js:422:7)
    at resolve (C:\LiveAssist_test\test\node_modules\selenium-webdriver\lib\webdriver\promise.js:400:7)
    at fulfill (C:\LiveAssist_test\test\node_modules\selenium-webdriver\lib\webdriver\promise.js:512:5)
    at C:\LiveAssist_test\test\node_modules\selenium-webdriver\lib\goog\base.js:1582:15
    at webdriver.promise.ControlFlow.runInNewFrame_ (C:\LiveAssist_test\test\node_modules\selenium-webdriver\lib\webdriver\promise.js:1640:20)
    at notify (C:\LiveAssist_test\test\node_modules\selenium-webdriver\lib\webdriver\promise.js:444:12)
    at then (C:\LiveAssist_test\test\node_modules\selenium-webdriver\lib\webdriver\promise.js:497:7)
    at Object.webdriver.promise.asap (C:\LiveAssist_test\test\node_modules\selenium-webdriver\lib\webdriver\promise.js:749:11)
    at newFrame.then.e (C:\LiveAssist_test\test\node_modules\selenium-webdriver\lib\webdriver\promise.js:1656:25)
    at C:\LiveAssist_test\test\node_modules\selenium-webdriver\lib\goog\base.js:1582:15
    at webdriver.promise.ControlFlow.runInNewFrame_ (C:\LiveAssist_test\test\node_modules\selenium-webdriver\lib\webdriver\promise.js:1640:20)
    at notify (C:\LiveAssist_test\test\node_modules\selenium-webdriver\lib\webdriver\promise.js:444:12)
    at notifyAll (C:\LiveAssist_test\test\node_modules\selenium-webdriver\lib\webdriver\promise.js:422:7)
    at resolve (C:\LiveAssist_test\test\node_modules\selenium-webdriver\lib\webdriver\promise.js:400:7)
    at fulfill (C:\LiveAssist_test\test\node_modules\selenium-webdriver\lib\webdriver\promise.js:512:5)
    at webdriver.promise.ControlFlow.resolveFrame_ (C:\LiveAssist_test\test\node_modules\selenium-webdriver\lib\webdriver\promise.js:1561:9)
    at webdriver.promise.ControlFlow.getNextTask_ (C:\LiveAssist_test\test\node_modules\selenium-webdriver\lib\webdriver\promise.js:1530:12)
    at webdriver.promise.ControlFlow.runEventLoop_ (C:\LiveAssist_test\test\node_modules\selenium-webdriver\lib\webdriver\promise.js:1488:59)
    at wrapper [as _onTimeout] (timers.js:261:14)
    at Timer.listOnTimeout [as ontimeout] (timers.js:112:15)
Error
    at self.(anonymous function) [as sendKeys] (C:\LiveAssist_test\test\node_modules\protractor\lib\protractor.js:131:27)
    at self.(anonymous function) [as sendKeys] (C:\LiveAssist_test\test\node_modules\protractor\lib\protractor.js:719:13)
    at async.series.ptor.element.getText.then.lastResponse_intent (C:\LiveAssist_test\test\QA_TEST2\TC1598.js:597:30)
    at C:\LiveAssist_test\test\node_modules\async\lib\async.js:610:21
    at C:\LiveAssist_test\test\node_modules\async\lib\async.js:249:17
    at iterate (C:\LiveAssist_test\test\node_modules\async\lib\async.js:149:13)
    at C:\LiveAssist_test\test\node_modules\async\lib\async.js:160:25
    at C:\LiveAssist_test\test\node_modules\async\lib\async.js:251:21
    at C:\LiveAssist_test\test\node_modules\async\lib\async.js:615:34
    at C:\LiveAssist_test\test\QA_TEST2\TC1598.js:563:53
    at C:\LiveAssist_test\test\node_modules\protractor\lib\protractor.js:765:14
    at C:\LiveAssist_test\test\node_modules\selenium-webdriver\lib\goog\base.js:1582:15
    at webdriver.promise.ControlFlow.runInNewFrame_ (C:\LiveAssist_test\test\node_modules\selenium-webdriver\lib\webdriver\promise.js:1640:20)
    at notify (C:\LiveAssist_test\test\node_modules\selenium-webdriver\lib\webdriver\promise.js:444:12)
    at notifyAll (C:\LiveAssist_test\test\node_modules\selenium-webdriver\lib\webdriver\promise.js:422:7)
    at resolve (C:\LiveAssist_test\test\node_modules\selenium-webdriver\lib\webdriver\promise.js:400:7)
    at fulfill (C:\LiveAssist_test\test\node_modules\selenium-webdriver\lib\webdriver\promise.js:512:5)
    at C:\LiveAssist_test\test\node_modules\selenium-webdriver\lib\goog\base.js:1582:15
    at webdriver.promise.ControlFlow.runInNewFrame_ (C:\LiveAssist_test\test\node_modules\selenium-webdriver\lib\webdriver\promise.js:1640:20)
    at notify (C:\LiveAssist_test\test\node_modules\selenium-webdriver\lib\webdriver\promise.js:444:12)
    at then (C:\LiveAssist_test\test\node_modules\selenium-webdriver\lib\webdriver\promise.js:497:7)
    at Object.webdriver.promise.asap (C:\LiveAssist_test\test\node_modules\selenium-webdriver\lib\webdriver\promise.js:749:11)
    at newFrame.then.e (C:\LiveAssist_test\test\node_modules\selenium-webdriver\lib\webdriver\promise.js:1656:25)
    at C:\LiveAssist_test\test\node_modules\selenium-webdriver\lib\goog\base.js:1582:15
    at webdriver.promise.ControlFlow.runInNewFrame_ (C:\LiveAssist_test\test\node_modules\selenium-webdriver\lib\webdriver\promise.js:1640:20)
    at notify (C:\LiveAssist_test\test\node_modules\selenium-webdriver\lib\webdriver\promise.js:444:12)
    at notifyAll (C:\LiveAssist_test\test\node_modules\selenium-webdriver\lib\webdriver\promise.js:422:7)
    at resolve (C:\LiveAssist_test\test\node_modules\selenium-webdriver\lib\webdriver\promise.js:400:7)
    at fulfill (C:\LiveAssist_test\test\node_modules\selenium-webdriver\lib\webdriver\promise.js:512:5)
    at webdriver.promise.ControlFlow.resolveFrame_ (C:\LiveAssist_test\test\node_modules\selenium-webdriver\lib\webdriver\promise.js:1561:9)
    at webdriver.promise.ControlFlow.getNextTask_ (C:\LiveAssist_test\test\node_modules\selenium-webdriver\lib\webdriver\promise.js:1530:12)
    at webdriver.promise.ControlFlow.runEventLoop_ (C:\LiveAssist_test\test\node_modules\selenium-webdriver\lib\webdriver\promise.js:1488:59)
    at wrapper [as _onTimeout] (timers.js:261:14)
    at Timer.listOnTimeout [as ontimeout] (timers.js:112:15)]]></failure></testcase>
<testcase classname="TC1599: Verify The agent should be able to submit a group intent id to BALANCE second sub group " name="TC1599: Verify The agent should be able to submit a group intent id to BALANCE second sub group" time="0" message="invalid element state
  (Session info: chrome=38.0.2125.122)
  (Driver info: chromedriver=2.12.301325 (962dea43ddd90e7e4224a03fa3c36a421281abb7),platform=Windows NT 5.2 SP2 x86) (WARNING: The server did not provide any stacktrace information)
Command duration or timeout: 31 milliseconds
Build info: version: '2.43.1', revision: '5163bce', time: '2014-09-10 16:27:33'
System info: host: 'mtl-bl1-12-vm10', ip: '10.3.41.73', os.name: 'Windows 2003', os.arch: 'x86', os.version: '5.2', java.version: '1.7.0_60'
Session ID: b768c268c968c8a022a2bfe4414a8cb9
Driver info: org.openqa.selenium.chrome.ChromeDriver
Capabilities [{platform=XP, acceptSslCerts=true, javascriptEnabled=true, browserName=chrome, chrome={userDataDir=C:\DOCUME~1\root\LOCALS~1\Temp\1\scoped_dir6372_22437}, rotatable=false, locationContextEnabled=true, mobileEmulationEnabled=false, version=38.0.2125.122, takesHeapSnapshot=true, cssSelectorsEnabled=true, databaseEnabled=false, handlesAlerts=true, browserConnectionEnabled=false, nativeEvents=true, webStorageEnabled=true, applicationCacheEnabled=false, takesScreenshot=true}]"><failure classname="TC1599: Verify The agent should be able to submit a group intent id to BALANCE second sub group " name="TC1599: Verify The agent should be able to submit a group intent id to BALANCE second sub group" time="0" message="invalid element state
  (Session info: chrome=38.0.2125.122)
  (Driver info: chromedriver=2.12.301325 (962dea43ddd90e7e4224a03fa3c36a421281abb7),platform=Windows NT 5.2 SP2 x86) (WARNING: The server did not provide any stacktrace information)
Command duration or timeout: 31 milliseconds
Build info: version: '2.43.1', revision: '5163bce', time: '2014-09-10 16:27:33'
System info: host: 'mtl-bl1-12-vm10', ip: '10.3.41.73', os.name: 'Windows 2003', os.arch: 'x86', os.version: '5.2', java.version: '1.7.0_60'
Session ID: b768c268c968c8a022a2bfe4414a8cb9
Driver info: org.openqa.selenium.chrome.ChromeDriver
Capabilities [{platform=XP, acceptSslCerts=true, javascriptEnabled=true, browserName=chrome, chrome={userDataDir=C:\DOCUME~1\root\LOCALS~1\Temp\1\scoped_dir6372_22437}, rotatable=false, locationContextEnabled=true, mobileEmulationEnabled=false, version=38.0.2125.122, takesHeapSnapshot=true, cssSelectorsEnabled=true, databaseEnabled=false, handlesAlerts=true, browserConnectionEnabled=false, nativeEvents=true, webStorageEnabled=true, applicationCacheEnabled=false, takesScreenshot=true}]"><![CDATA[InvalidElementStateError: invalid element state
  (Session info: chrome=38.0.2125.122)
  (Driver info: chromedriver=2.12.301325 (962dea43ddd90e7e4224a03fa3c36a421281abb7),platform=Windows NT 5.2 SP2 x86) (WARNING: The server did not provide any stacktrace information)
Command duration or timeout: 31 milliseconds
Build info: version: '2.43.1', revision: '5163bce', time: '2014-09-10 16:27:33'
System info: host: 'mtl-bl1-12-vm10', ip: '10.3.41.73', os.name: 'Windows 2003', os.arch: 'x86', os.version: '5.2', java.version: '1.7.0_60'
Session ID: b768c268c968c8a022a2bfe4414a8cb9
Driver info: org.openqa.selenium.chrome.ChromeDriver
Capabilities [{platform=XP, acceptSslCerts=true, javascriptEnabled=true, browserName=chrome, chrome={userDataDir=C:\DOCUME~1\root\LOCALS~1\Temp\1\scoped_dir6372_22437}, rotatable=false, locationContextEnabled=true, mobileEmulationEnabled=false, version=38.0.2125.122, takesHeapSnapshot=true, cssSelectorsEnabled=true, databaseEnabled=false, handlesAlerts=true, browserConnectionEnabled=false, nativeEvents=true, webStorageEnabled=true, applicationCacheEnabled=false, takesScreenshot=true}]
    at new bot.Error (C:\LiveAssist_test\test\node_modules\selenium-webdriver\lib\atoms\error.js:113:18)
    at Object.bot.response.checkResponse (C:\LiveAssist_test\test\node_modules\selenium-webdriver\lib\atoms\response.js:106:9)
    at C:\LiveAssist_test\test\node_modules\selenium-webdriver\lib\webdriver\webdriver.js:319:20
    at C:\LiveAssist_test\test\node_modules\selenium-webdriver\lib\goog\base.js:1582:15
    at webdriver.promise.ControlFlow.runInNewFrame_ (C:\LiveAssist_test\test\node_modules\selenium-webdriver\lib\webdriver\promise.js:1640:20)
    at notify (C:\LiveAssist_test\test\node_modules\selenium-webdriver\lib\webdriver\promise.js:444:12)
    at notifyAll (C:\LiveAssist_test\test\node_modules\selenium-webdriver\lib\webdriver\promise.js:422:7)
    at resolve (C:\LiveAssist_test\test\node_modules\selenium-webdriver\lib\webdriver\promise.js:400:7)
    at fulfill (C:\LiveAssist_test\test\node_modules\selenium-webdriver\lib\webdriver\promise.js:512:5)
    at C:\LiveAssist_test\test\node_modules\selenium-webdriver\lib\webdriver\promise.js:1507:10
    at C:\LiveAssist_test\test\node_modules\selenium-webdriver\lib\goog\base.js:1582:15
    at webdriver.promise.ControlFlow.runInNewFrame_ (C:\LiveAssist_test\test\node_modules\selenium-webdriver\lib\webdriver\promise.js:1640:20)
    at notify (C:\LiveAssist_test\test\node_modules\selenium-webdriver\lib\webdriver\promise.js:444:12)
    at notifyAll (C:\LiveAssist_test\test\node_modules\selenium-webdriver\lib\webdriver\promise.js:422:7)
    at resolve (C:\LiveAssist_test\test\node_modules\selenium-webdriver\lib\webdriver\promise.js:400:7)
    at fulfill (C:\LiveAssist_test\test\node_modules\selenium-webdriver\lib\webdriver\promise.js:512:5)
    at C:\LiveAssist_test\test\node_modules\selenium-webdriver\lib\goog\base.js:1582:15
    at webdriver.promise.ControlFlow.runInNewFrame_ (C:\LiveAssist_test\test\node_modules\selenium-webdriver\lib\webdriver\promise.js:1640:20)
    at notify (C:\LiveAssist_test\test\node_modules\selenium-webdriver\lib\webdriver\promise.js:444:12)
    at notifyAll (C:\LiveAssist_test\test\node_modules\selenium-webdriver\lib\webdriver\promise.js:422:7)
    at resolve (C:\LiveAssist_test\test\node_modules\selenium-webdriver\lib\webdriver\promise.js:400:7)
    at fulfill (C:\LiveAssist_test\test\node_modules\selenium-webdriver\lib\webdriver\promise.js:512:5)
    at C:\LiveAssist_test\test\node_modules\selenium-webdriver\lib\webdriver\promise.js:703:49
    at C:\LiveAssist_test\test\node_modules\selenium-webdriver\lib\webdriver\http\http.js:96:5
    at IncomingMessage.&lt;anonymous&gt; (C:\LiveAssist_test\test\node_modules\selenium-webdriver\http\index.js:131:7)
    at IncomingMessage.emit (events.js:117:20)
    at _stream_readable.js:943:16
    at process._tickCallback (node.js:419:13)
==== async task ====
WebElement.sendKeys([object Object])
    at webdriver.WebDriver.schedule (C:\LiveAssist_test\test\node_modules\selenium-webdriver\lib\webdriver\webdriver.js:302:15)
    at webdriver.WebElement.schedule_ (C:\LiveAssist_test\test\node_modules\selenium-webdriver\lib\webdriver\webdriver.js:1665:23)
    at webdriver.WebElement.sendKeys (C:\LiveAssist_test\test\node_modules\selenium-webdriver\lib\webdriver\webdriver.js:1826:15)
    at actionFn (C:\LiveAssist_test\test\node_modules\protractor\lib\protractor.js:134:34)
    at C:\LiveAssist_test\test\node_modules\protractor\lib\protractor.js:431:19
    at Array.forEach (native)
    at C:\LiveAssist_test\test\node_modules\protractor\lib\protractor.js:430:11
    at C:\LiveAssist_test\test\node_modules\selenium-webdriver\lib\goog\base.js:1582:15
    at webdriver.promise.ControlFlow.runInNewFrame_ (C:\LiveAssist_test\test\node_modules\selenium-webdriver\lib\webdriver\promise.js:1640:20)
    at notify (C:\LiveAssist_test\test\node_modules\selenium-webdriver\lib\webdriver\promise.js:444:12)
    at notifyAll (C:\LiveAssist_test\test\node_modules\selenium-webdriver\lib\webdriver\promise.js:422:7)
    at resolve (C:\LiveAssist_test\test\node_modules\selenium-webdriver\lib\webdriver\promise.js:400:7)
    at fulfill (C:\LiveAssist_test\test\node_modules\selenium-webdriver\lib\webdriver\promise.js:512:5)
    at Object.webdriver.promise.asap (C:\LiveAssist_test\test\node_modules\selenium-webdriver\lib\webdriver\promise.js:758:5)
    at webdriver.promise.ControlFlow.runInNewFrame_ (C:\LiveAssist_test\test\node_modules\selenium-webdriver\lib\webdriver\promise.js:1651:25)
    at notify (C:\LiveAssist_test\test\node_modules\selenium-webdriver\lib\webdriver\promise.js:444:12)
    at notifyAll (C:\LiveAssist_test\test\node_modules\selenium-webdriver\lib\webdriver\promise.js:422:7)
    at resolve (C:\LiveAssist_test\test\node_modules\selenium-webdriver\lib\webdriver\promise.js:400:7)
    at fulfill (C:\LiveAssist_test\test\node_modules\selenium-webdriver\lib\webdriver\promise.js:512:5)
    at C:\LiveAssist_test\test\node_modules\selenium-webdriver\lib\goog\base.js:1582:15
    at webdriver.promise.ControlFlow.runInNewFrame_ (C:\LiveAssist_test\test\node_modules\selenium-webdriver\lib\webdriver\promise.js:1640:20)
    at notify (C:\LiveAssist_test\test\node_modules\selenium-webdriver\lib\webdriver\promise.js:444:12)
    at then (C:\LiveAssist_test\test\node_modules\selenium-webdriver\lib\webdriver\promise.js:497:7)
    at Object.webdriver.promise.asap (C:\LiveAssist_test\test\node_modules\selenium-webdriver\lib\webdriver\promise.js:749:11)
    at newFrame.then.e (C:\LiveAssist_test\test\node_modules\selenium-webdriver\lib\webdriver\promise.js:1656:25)
    at C:\LiveAssist_test\test\node_modules\selenium-webdriver\lib\goog\base.js:1582:15
    at webdriver.promise.ControlFlow.runInNewFrame_ (C:\LiveAssist_test\test\node_modules\selenium-webdriver\lib\webdriver\promise.js:1640:20)
    at notify (C:\LiveAssist_test\test\node_modules\selenium-webdriver\lib\webdriver\promise.js:444:12)
    at notifyAll (C:\LiveAssist_test\test\node_modules\selenium-webdriver\lib\webdriver\promise.js:422:7)
    at resolve (C:\LiveAssist_test\test\node_modules\selenium-webdriver\lib\webdriver\promise.js:400:7)
    at fulfill (C:\LiveAssist_test\test\node_modules\selenium-webdriver\lib\webdriver\promise.js:512:5)
    at webdriver.promise.ControlFlow.resolveFrame_ (C:\LiveAssist_test\test\node_modules\selenium-webdriver\lib\webdriver\promise.js:1561:9)
    at webdriver.promise.ControlFlow.getNextTask_ (C:\LiveAssist_test\test\node_modules\selenium-webdriver\lib\webdriver\promise.js:1530:12)
    at webdriver.promise.ControlFlow.runEventLoop_ (C:\LiveAssist_test\test\node_modules\selenium-webdriver\lib\webdriver\promise.js:1488:59)
    at wrapper [as _onTimeout] (timers.js:261:14)
    at Timer.listOnTimeout [as ontimeout] (timers.js:112:15)
Error
    at self.(anonymous function) [as sendKeys] (C:\LiveAssist_test\test\node_modules\protractor\lib\protractor.js:131:27)
    at self.(anonymous function) [as sendKeys] (C:\LiveAssist_test\test\node_modules\protractor\lib\protractor.js:719:13)
    at async.series.ptor.element.getText.then.lastResponse_intent (C:\LiveAssist_test\test\QA_TEST2\TC1599.js:611:30)
    at C:\LiveAssist_test\test\node_modules\async\lib\async.js:610:21
    at C:\LiveAssist_test\test\node_modules\async\lib\async.js:249:17
    at iterate (C:\LiveAssist_test\test\node_modules\async\lib\async.js:149:13)
    at C:\LiveAssist_test\test\node_modules\async\lib\async.js:160:25
    at C:\LiveAssist_test\test\node_modules\async\lib\async.js:251:21
    at C:\LiveAssist_test\test\node_modules\async\lib\async.js:615:34
    at C:\LiveAssist_test\test\QA_TEST2\TC1599.js:604:25
    at C:\LiveAssist_test\test\node_modules\selenium-webdriver\lib\goog\base.js:1582:15
    at webdriver.promise.ControlFlow.runInNewFrame_ (C:\LiveAssist_test\test\node_modules\selenium-webdriver\lib\webdriver\promise.js:1640:20)
    at notify (C:\LiveAssist_test\test\node_modules\selenium-webdriver\lib\webdriver\promise.js:444:12)
    at notifyAll (C:\LiveAssist_test\test\node_modules\selenium-webdriver\lib\webdriver\promise.js:422:7)
    at resolve (C:\LiveAssist_test\test\node_modules\selenium-webdriver\lib\webdriver\promise.js:400:7)
    at fulfill (C:\LiveAssist_test\test\node_modules\selenium-webdriver\lib\webdriver\promise.js:512:5)
    at C:\LiveAssist_test\test\node_modules\selenium-webdriver\lib\webdriver\promise.js:1507:10
    at Object.webdriver.promise.asap (C:\LiveAssist_test\test\node_modules\selenium-webdriver\lib\webdriver\promise.js:758:5)
    at newFrame.then.e (C:\LiveAssist_test\test\node_modules\selenium-webdriver\lib\webdriver\promise.js:1656:25)
    at C:\LiveAssist_test\test\node_modules\selenium-webdriver\lib\goog\base.js:1582:15
    at webdriver.promise.ControlFlow.runInNewFrame_ (C:\LiveAssist_test\test\node_modules\selenium-webdriver\lib\webdriver\promise.js:1640:20)
    at notify (C:\LiveAssist_test\test\node_modules\selenium-webdriver\lib\webdriver\promise.js:444:12)
    at notifyAll (C:\LiveAssist_test\test\node_modules\selenium-webdriver\lib\webdriver\promise.js:422:7)
    at resolve (C:\LiveAssist_test\test\node_modules\selenium-webdriver\lib\webdriver\promise.js:400:7)
    at fulfill (C:\LiveAssist_test\test\node_modules\selenium-webdriver\lib\webdriver\promise.js:512:5)
    at webdriver.promise.ControlFlow.resolveFrame_ (C:\LiveAssist_test\test\node_modules\selenium-webdriver\lib\webdriver\promise.js:1561:9)
    at webdriver.promise.ControlFlow.getNextTask_ (C:\LiveAssist_test\test\node_modules\selenium-webdriver\lib\webdriver\promise.js:1530:12)
    at webdriver.promise.ControlFlow.runEventLoop_ (C:\LiveAssist_test\test\node_modules\selenium-webdriver\lib\webdriver\promise.js:1488:59)
    at wrapper [as _onTimeout] (timers.js:261:14)
    at Timer.listOnTimeout [as ontimeout] (timers.js:112:15)]]></failure></testcase>
<testcase classname="TC1600: Verify the call log has the intent id  for the second sub group BALANCE " name="TC1600: Verify the call log has the intent id  for the second sub group BALANCE " time="0" message="invalid element state
  (Session info: chrome=38.0.2125.122)
  (Driver info: chromedriver=2.12.301325 (962dea43ddd90e7e4224a03fa3c36a421281abb7),platform=Windows NT 5.2 SP2 x86) (WARNING: The server did not provide any stacktrace information)
Command duration or timeout: 32 milliseconds
Build info: version: '2.43.1', revision: '5163bce', time: '2014-09-10 16:27:33'
System info: host: 'mtl-bl1-12-vm10', ip: '10.3.41.73', os.name: 'Windows 2003', os.arch: 'x86', os.version: '5.2', java.version: '1.7.0_60'
Session ID: fadad42623959c724e645a3d5c4cf8b3
Driver info: org.openqa.selenium.chrome.ChromeDriver
Capabilities [{platform=XP, acceptSslCerts=true, javascriptEnabled=true, browserName=chrome, chrome={userDataDir=C:\DOCUME~1\root\LOCALS~1\Temp\1\scoped_dir8104_8150}, rotatable=false, locationContextEnabled=true, mobileEmulationEnabled=false, version=38.0.2125.122, takesHeapSnapshot=true, cssSelectorsEnabled=true, databaseEnabled=false, handlesAlerts=true, browserConnectionEnabled=false, nativeEvents=true, webStorageEnabled=true, applicationCacheEnabled=false, takesScreenshot=true}]"><failure classname="TC1600: Verify the call log has the intent id  for the second sub group BALANCE " name="TC1600: Verify the call log has the intent id  for the second sub group BALANCE " time="0" message="invalid element state
  (Session info: chrome=38.0.2125.122)
  (Driver info: chromedriver=2.12.301325 (962dea43ddd90e7e4224a03fa3c36a421281abb7),platform=Windows NT 5.2 SP2 x86) (WARNING: The server did not provide any stacktrace information)
Command duration or timeout: 32 milliseconds
Build info: version: '2.43.1', revision: '5163bce', time: '2014-09-10 16:27:33'
System info: host: 'mtl-bl1-12-vm10', ip: '10.3.41.73', os.name: 'Windows 2003', os.arch: 'x86', os.version: '5.2', java.version: '1.7.0_60'
Session ID: fadad42623959c724e645a3d5c4cf8b3
Driver info: org.openqa.selenium.chrome.ChromeDriver
Capabilities [{platform=XP, acceptSslCerts=true, javascriptEnabled=true, browserName=chrome, chrome={userDataDir=C:\DOCUME~1\root\LOCALS~1\Temp\1\scoped_dir8104_8150}, rotatable=false, locationContextEnabled=true, mobileEmulationEnabled=false, version=38.0.2125.122, takesHeapSnapshot=true, cssSelectorsEnabled=true, databaseEnabled=false, handlesAlerts=true, browserConnectionEnabled=false, nativeEvents=true, webStorageEnabled=true, applicationCacheEnabled=false, takesScreenshot=true}]"><![CDATA[InvalidElementStateError: invalid element state
  (Session info: chrome=38.0.2125.122)
  (Driver info: chromedriver=2.12.301325 (962dea43ddd90e7e4224a03fa3c36a421281abb7),platform=Windows NT 5.2 SP2 x86) (WARNING: The server did not provide any stacktrace information)
Command duration or timeout: 32 milliseconds
Build info: version: '2.43.1', revision: '5163bce', time: '2014-09-10 16:27:33'
System info: host: 'mtl-bl1-12-vm10', ip: '10.3.41.73', os.name: 'Windows 2003', os.arch: 'x86', os.version: '5.2', java.version: '1.7.0_60'
Session ID: fadad42623959c724e645a3d5c4cf8b3
Driver info: org.openqa.selenium.chrome.ChromeDriver
Capabilities [{platform=XP, acceptSslCerts=true, javascriptEnabled=true, browserName=chrome, chrome={userDataDir=C:\DOCUME~1\root\LOCALS~1\Temp\1\scoped_dir8104_8150}, rotatable=false, locationContextEnabled=true, mobileEmulationEnabled=false, version=38.0.2125.122, takesHeapSnapshot=true, cssSelectorsEnabled=true, databaseEnabled=false, handlesAlerts=true, browserConnectionEnabled=false, nativeEvents=true, webStorageEnabled=true, applicationCacheEnabled=false, takesScreenshot=true}]
    at new bot.Error (C:\LiveAssist_test\test\node_modules\selenium-webdriver\lib\atoms\error.js:113:18)
    at Object.bot.response.checkResponse (C:\LiveAssist_test\test\node_modules\selenium-webdriver\lib\atoms\response.js:106:9)
    at C:\LiveAssist_test\test\node_modules\selenium-webdriver\lib\webdriver\webdriver.js:319:20
    at C:\LiveAssist_test\test\node_modules\selenium-webdriver\lib\goog\base.js:1582:15
    at webdriver.promise.ControlFlow.runInNewFrame_ (C:\LiveAssist_test\test\node_modules\selenium-webdriver\lib\webdriver\promise.js:1640:20)
    at notify (C:\LiveAssist_test\test\node_modules\selenium-webdriver\lib\webdriver\promise.js:444:12)
    at notifyAll (C:\LiveAssist_test\test\node_modules\selenium-webdriver\lib\webdriver\promise.js:422:7)
    at resolve (C:\LiveAssist_test\test\node_modules\selenium-webdriver\lib\webdriver\promise.js:400:7)
    at fulfill (C:\LiveAssist_test\test\node_modules\selenium-webdriver\lib\webdriver\promise.js:512:5)
    at C:\LiveAssist_test\test\node_modules\selenium-webdriver\lib\webdriver\promise.js:1507:10
    at C:\LiveAssist_test\test\node_modules\selenium-webdriver\lib\goog\base.js:1582:15
    at webdriver.promise.ControlFlow.runInNewFrame_ (C:\LiveAssist_test\test\node_modules\selenium-webdriver\lib\webdriver\promise.js:1640:20)
    at notify (C:\LiveAssist_test\test\node_modules\selenium-webdriver\lib\webdriver\promise.js:444:12)
    at notifyAll (C:\LiveAssist_test\test\node_modules\selenium-webdriver\lib\webdriver\promise.js:422:7)
    at resolve (C:\LiveAssist_test\test\node_modules\selenium-webdriver\lib\webdriver\promise.js:400:7)
    at fulfill (C:\LiveAssist_test\test\node_modules\selenium-webdriver\lib\webdriver\promise.js:512:5)
    at C:\LiveAssist_test\test\node_modules\selenium-webdriver\lib\goog\base.js:1582:15
    at webdriver.promise.ControlFlow.runInNewFrame_ (C:\LiveAssist_test\test\node_modules\selenium-webdriver\lib\webdriver\promise.js:1640:20)
    at notify (C:\LiveAssist_test\test\node_modules\selenium-webdriver\lib\webdriver\promise.js:444:12)
    at notifyAll (C:\LiveAssist_test\test\node_modules\selenium-webdriver\lib\webdriver\promise.js:422:7)
    at resolve (C:\LiveAssist_test\test\node_modules\selenium-webdriver\lib\webdriver\promise.js:400:7)
    at fulfill (C:\LiveAssist_test\test\node_modules\selenium-webdriver\lib\webdriver\promise.js:512:5)
    at C:\LiveAssist_test\test\node_modules\selenium-webdriver\lib\webdriver\promise.js:703:49
    at C:\LiveAssist_test\test\node_modules\selenium-webdriver\lib\webdriver\http\http.js:96:5
    at IncomingMessage.&lt;anonymous&gt; (C:\LiveAssist_test\test\node_modules\selenium-webdriver\http\index.js:131:7)
    at IncomingMessage.emit (events.js:117:20)
    at _stream_readable.js:943:16
    at process._tickCallback (node.js:419:13)
==== async task ====
WebElement.sendKeys([object Object])
    at webdriver.WebDriver.schedule (C:\LiveAssist_test\test\node_modules\selenium-webdriver\lib\webdriver\webdriver.js:302:15)
    at webdriver.WebElement.schedule_ (C:\LiveAssist_test\test\node_modules\selenium-webdriver\lib\webdriver\webdriver.js:1665:23)
    at webdriver.WebElement.sendKeys (C:\LiveAssist_test\test\node_modules\selenium-webdriver\lib\webdriver\webdriver.js:1826:15)
    at actionFn (C:\LiveAssist_test\test\node_modules\protractor\lib\protractor.js:134:34)
    at C:\LiveAssist_test\test\node_modules\protractor\lib\protractor.js:431:19
    at Array.forEach (native)
    at C:\LiveAssist_test\test\node_modules\protractor\lib\protractor.js:430:11
    at C:\LiveAssist_test\test\node_modules\selenium-webdriver\lib\goog\base.js:1582:15
    at webdriver.promise.ControlFlow.runInNewFrame_ (C:\LiveAssist_test\test\node_modules\selenium-webdriver\lib\webdriver\promise.js:1640:20)
    at notify (C:\LiveAssist_test\test\node_modules\selenium-webdriver\lib\webdriver\promise.js:444:12)
    at notifyAll (C:\LiveAssist_test\test\node_modules\selenium-webdriver\lib\webdriver\promise.js:422:7)
    at resolve (C:\LiveAssist_test\test\node_modules\selenium-webdriver\lib\webdriver\promise.js:400:7)
    at fulfill (C:\LiveAssist_test\test\node_modules\selenium-webdriver\lib\webdriver\promise.js:512:5)
    at Object.webdriver.promise.asap (C:\LiveAssist_test\test\node_modules\selenium-webdriver\lib\webdriver\promise.js:758:5)
    at webdriver.promise.ControlFlow.runInNewFrame_ (C:\LiveAssist_test\test\node_modules\selenium-webdriver\lib\webdriver\promise.js:1651:25)
    at notify (C:\LiveAssist_test\test\node_modules\selenium-webdriver\lib\webdriver\promise.js:444:12)
    at notifyAll (C:\LiveAssist_test\test\node_modules\selenium-webdriver\lib\webdriver\promise.js:422:7)
    at resolve (C:\LiveAssist_test\test\node_modules\selenium-webdriver\lib\webdriver\promise.js:400:7)
    at fulfill (C:\LiveAssist_test\test\node_modules\selenium-webdriver\lib\webdriver\promise.js:512:5)
    at C:\LiveAssist_test\test\node_modules\selenium-webdriver\lib\goog\base.js:1582:15
    at webdriver.promise.ControlFlow.runInNewFrame_ (C:\LiveAssist_test\test\node_modules\selenium-webdriver\lib\webdriver\promise.js:1640:20)
    at notify (C:\LiveAssist_test\test\node_modules\selenium-webdriver\lib\webdriver\promise.js:444:12)
    at then (C:\LiveAssist_test\test\node_modules\selenium-webdriver\lib\webdriver\promise.js:497:7)
    at Object.webdriver.promise.asap (C:\LiveAssist_test\test\node_modules\selenium-webdriver\lib\webdriver\promise.js:749:11)
    at newFrame.then.e (C:\LiveAssist_test\test\node_modules\selenium-webdriver\lib\webdriver\promise.js:1656:25)
    at C:\LiveAssist_test\test\node_modules\selenium-webdriver\lib\goog\base.js:1582:15
    at webdriver.promise.ControlFlow.runInNewFrame_ (C:\LiveAssist_test\test\node_modules\selenium-webdriver\lib\webdriver\promise.js:1640:20)
    at notify (C:\LiveAssist_test\test\node_modules\selenium-webdriver\lib\webdriver\promise.js:444:12)
    at notifyAll (C:\LiveAssist_test\test\node_modules\selenium-webdriver\lib\webdriver\promise.js:422:7)
    at resolve (C:\LiveAssist_test\test\node_modules\selenium-webdriver\lib\webdriver\promise.js:400:7)
    at fulfill (C:\LiveAssist_test\test\node_modules\selenium-webdriver\lib\webdriver\promise.js:512:5)
    at webdriver.promise.ControlFlow.resolveFrame_ (C:\LiveAssist_test\test\node_modules\selenium-webdriver\lib\webdriver\promise.js:1561:9)
    at webdriver.promise.ControlFlow.getNextTask_ (C:\LiveAssist_test\test\node_modules\selenium-webdriver\lib\webdriver\promise.js:1530:12)
    at webdriver.promise.ControlFlow.runEventLoop_ (C:\LiveAssist_test\test\node_modules\selenium-webdriver\lib\webdriver\promise.js:1488:59)
    at wrapper [as _onTimeout] (timers.js:261:14)
    at Timer.listOnTimeout [as ontimeout] (timers.js:112:15)
Error
    at self.(anonymous function) [as sendKeys] (C:\LiveAssist_test\test\node_modules\protractor\lib\protractor.js:131:27)
    at self.(anonymous function) [as sendKeys] (C:\LiveAssist_test\test\node_modules\protractor\lib\protractor.js:719:13)
    at async.series.ptor.element.getText.then.output_msg (C:\LiveAssist_test\test\QA_TEST2\TC1600.js:639:30)
    at C:\LiveAssist_test\test\node_modules\async\lib\async.js:610:21
    at C:\LiveAssist_test\test\node_modules\async\lib\async.js:249:17
    at iterate (C:\LiveAssist_test\test\node_modules\async\lib\async.js:149:13)
    at C:\LiveAssist_test\test\node_modules\async\lib\async.js:160:25
    at C:\LiveAssist_test\test\node_modules\async\lib\async.js:251:21
    at C:\LiveAssist_test\test\node_modules\async\lib\async.js:615:34
    at C:\LiveAssist_test\test\QA_TEST2\TC1600.js:632:25
    at C:\LiveAssist_test\test\node_modules\selenium-webdriver\lib\goog\base.js:1582:15
    at webdriver.promise.ControlFlow.runInNewFrame_ (C:\LiveAssist_test\test\node_modules\selenium-webdriver\lib\webdriver\promise.js:1640:20)
    at notify (C:\LiveAssist_test\test\node_modules\selenium-webdriver\lib\webdriver\promise.js:444:12)
    at notifyAll (C:\LiveAssist_test\test\node_modules\selenium-webdriver\lib\webdriver\promise.js:422:7)
    at resolve (C:\LiveAssist_test\test\node_modules\selenium-webdriver\lib\webdriver\promise.js:400:7)
    at fulfill (C:\LiveAssist_test\test\node_modules\selenium-webdriver\lib\webdriver\promise.js:512:5)
    at C:\LiveAssist_test\test\node_modules\selenium-webdriver\lib\webdriver\promise.js:1507:10
    at Object.webdriver.promise.asap (C:\LiveAssist_test\test\node_modules\selenium-webdriver\lib\webdriver\promise.js:758:5)
    at newFrame.then.e (C:\LiveAssist_test\test\node_modules\selenium-webdriver\lib\webdriver\promise.js:1656:25)
    at C:\LiveAssist_test\test\node_modules\selenium-webdriver\lib\goog\base.js:1582:15
    at webdriver.promise.ControlFlow.runInNewFrame_ (C:\LiveAssist_test\test\node_modules\selenium-webdriver\lib\webdriver\promise.js:1640:20)
    at notify (C:\LiveAssist_test\test\node_modules\selenium-webdriver\lib\webdriver\promise.js:444:12)
    at notifyAll (C:\LiveAssist_test\test\node_modules\selenium-webdriver\lib\webdriver\promise.js:422:7)
    at resolve (C:\LiveAssist_test\test\node_modules\selenium-webdriver\lib\webdriver\promise.js:400:7)
    at fulfill (C:\LiveAssist_test\test\node_modules\selenium-webdriver\lib\webdriver\promise.js:512:5)
    at webdriver.promise.ControlFlow.resolveFrame_ (C:\LiveAssist_test\test\node_modules\selenium-webdriver\lib\webdriver\promise.js:1561:9)
    at webdriver.promise.ControlFlow.getNextTask_ (C:\LiveAssist_test\test\node_modules\selenium-webdriver\lib\webdriver\promise.js:1530:12)
    at webdriver.promise.ControlFlow.runEventLoop_ (C:\LiveAssist_test\test\node_modules\selenium-webdriver\lib\webdriver\promise.js:1488:59)
    at wrapper [as _onTimeout] (timers.js:261:14)
    at Timer.listOnTimeout [as ontimeout] (timers.js:112:15)]]></failure></testcase>
<testcase classname="TC1600: Verify the call log has the intent id  for the sub group Late_fee  " name="TC1601: Verify the call log has the intent id  for the the sub group Late_fee " time="0" message="invalid element state
  (Session info: chrome=38.0.2125.122)
  (Driver info: chromedriver=2.12.301325 (962dea43ddd90e7e4224a03fa3c36a421281abb7),platform=Windows NT 5.2 SP2 x86) (WARNING: The server did not provide any stacktrace information)
Command duration or timeout: 31 milliseconds
Build info: version: '2.43.1', revision: '5163bce', time: '2014-09-10 16:27:33'
System info: host: 'mtl-bl1-12-vm10', ip: '10.3.41.73', os.name: 'Windows 2003', os.arch: 'x86', os.version: '5.2', java.version: '1.7.0_60'
Session ID: 5845f3abb4c3734ea8ce766e8fcd2890
Driver info: org.openqa.selenium.chrome.ChromeDriver
Capabilities [{platform=XP, acceptSslCerts=true, javascriptEnabled=true, browserName=chrome, chrome={userDataDir=C:\DOCUME~1\root\LOCALS~1\Temp\1\scoped_dir7396_27028}, rotatable=false, locationContextEnabled=true, mobileEmulationEnabled=false, version=38.0.2125.122, takesHeapSnapshot=true, cssSelectorsEnabled=true, databaseEnabled=false, handlesAlerts=true, browserConnectionEnabled=false, nativeEvents=true, webStorageEnabled=true, applicationCacheEnabled=false, takesScreenshot=true}]"><failure classname="TC1600: Verify the call log has the intent id  for the sub group Late_fee  " name="TC1601: Verify the call log has the intent id  for the the sub group Late_fee " time="0" message="invalid element state
  (Session info: chrome=38.0.2125.122)
  (Driver info: chromedriver=2.12.301325 (962dea43ddd90e7e4224a03fa3c36a421281abb7),platform=Windows NT 5.2 SP2 x86) (WARNING: The server did not provide any stacktrace information)
Command duration or timeout: 31 milliseconds
Build info: version: '2.43.1', revision: '5163bce', time: '2014-09-10 16:27:33'
System info: host: 'mtl-bl1-12-vm10', ip: '10.3.41.73', os.name: 'Windows 2003', os.arch: 'x86', os.version: '5.2', java.version: '1.7.0_60'
Session ID: 5845f3abb4c3734ea8ce766e8fcd2890
Driver info: org.openqa.selenium.chrome.ChromeDriver
Capabilities [{platform=XP, acceptSslCerts=true, javascriptEnabled=true, browserName=chrome, chrome={userDataDir=C:\DOCUME~1\root\LOCALS~1\Temp\1\scoped_dir7396_27028}, rotatable=false, locationContextEnabled=true, mobileEmulationEnabled=false, version=38.0.2125.122, takesHeapSnapshot=true, cssSelectorsEnabled=true, databaseEnabled=false, handlesAlerts=true, browserConnectionEnabled=false, nativeEvents=true, webStorageEnabled=true, applicationCacheEnabled=false, takesScreenshot=true}]"><![CDATA[InvalidElementStateError: invalid element state
  (Session info: chrome=38.0.2125.122)
  (Driver info: chromedriver=2.12.301325 (962dea43ddd90e7e4224a03fa3c36a421281abb7),platform=Windows NT 5.2 SP2 x86) (WARNING: The server did not provide any stacktrace information)
Command duration or timeout: 31 milliseconds
Build info: version: '2.43.1', revision: '5163bce', time: '2014-09-10 16:27:33'
System info: host: 'mtl-bl1-12-vm10', ip: '10.3.41.73', os.name: 'Windows 2003', os.arch: 'x86', os.version: '5.2', java.version: '1.7.0_60'
Session ID: 5845f3abb4c3734ea8ce766e8fcd2890
Driver info: org.openqa.selenium.chrome.ChromeDriver
Capabilities [{platform=XP, acceptSslCerts=true, javascriptEnabled=true, browserName=chrome, chrome={userDataDir=C:\DOCUME~1\root\LOCALS~1\Temp\1\scoped_dir7396_27028}, rotatable=false, locationContextEnabled=true, mobileEmulationEnabled=false, version=38.0.2125.122, takesHeapSnapshot=true, cssSelectorsEnabled=true, databaseEnabled=false, handlesAlerts=true, browserConnectionEnabled=false, nativeEvents=true, webStorageEnabled=true, applicationCacheEnabled=false, takesScreenshot=true}]
    at new bot.Error (C:\LiveAssist_test\test\node_modules\selenium-webdriver\lib\atoms\error.js:113:18)
    at Object.bot.response.checkResponse (C:\LiveAssist_test\test\node_modules\selenium-webdriver\lib\atoms\response.js:106:9)
    at C:\LiveAssist_test\test\node_modules\selenium-webdriver\lib\webdriver\webdriver.js:319:20
    at C:\LiveAssist_test\test\node_modules\selenium-webdriver\lib\goog\base.js:1582:15
    at webdriver.promise.ControlFlow.runInNewFrame_ (C:\LiveAssist_test\test\node_modules\selenium-webdriver\lib\webdriver\promise.js:1640:20)
    at notify (C:\LiveAssist_test\test\node_modules\selenium-webdriver\lib\webdriver\promise.js:444:12)
    at notifyAll (C:\LiveAssist_test\test\node_modules\selenium-webdriver\lib\webdriver\promise.js:422:7)
    at resolve (C:\LiveAssist_test\test\node_modules\selenium-webdriver\lib\webdriver\promise.js:400:7)
    at fulfill (C:\LiveAssist_test\test\node_modules\selenium-webdriver\lib\webdriver\promise.js:512:5)
    at C:\LiveAssist_test\test\node_modules\selenium-webdriver\lib\webdriver\promise.js:1507:10
    at C:\LiveAssist_test\test\node_modules\selenium-webdriver\lib\goog\base.js:1582:15
    at webdriver.promise.ControlFlow.runInNewFrame_ (C:\LiveAssist_test\test\node_modules\selenium-webdriver\lib\webdriver\promise.js:1640:20)
    at notify (C:\LiveAssist_test\test\node_modules\selenium-webdriver\lib\webdriver\promise.js:444:12)
    at notifyAll (C:\LiveAssist_test\test\node_modules\selenium-webdriver\lib\webdriver\promise.js:422:7)
    at resolve (C:\LiveAssist_test\test\node_modules\selenium-webdriver\lib\webdriver\promise.js:400:7)
    at fulfill (C:\LiveAssist_test\test\node_modules\selenium-webdriver\lib\webdriver\promise.js:512:5)
    at C:\LiveAssist_test\test\node_modules\selenium-webdriver\lib\goog\base.js:1582:15
    at webdriver.promise.ControlFlow.runInNewFrame_ (C:\LiveAssist_test\test\node_modules\selenium-webdriver\lib\webdriver\promise.js:1640:20)
    at notify (C:\LiveAssist_test\test\node_modules\selenium-webdriver\lib\webdriver\promise.js:444:12)
    at notifyAll (C:\LiveAssist_test\test\node_modules\selenium-webdriver\lib\webdriver\promise.js:422:7)
    at resolve (C:\LiveAssist_test\test\node_modules\selenium-webdriver\lib\webdriver\promise.js:400:7)
    at fulfill (C:\LiveAssist_test\test\node_modules\selenium-webdriver\lib\webdriver\promise.js:512:5)
    at C:\LiveAssist_test\test\node_modules\selenium-webdriver\lib\webdriver\promise.js:703:49
    at C:\LiveAssist_test\test\node_modules\selenium-webdriver\lib\webdriver\http\http.js:96:5
    at IncomingMessage.&lt;anonymous&gt; (C:\LiveAssist_test\test\node_modules\selenium-webdriver\http\index.js:131:7)
    at IncomingMessage.emit (events.js:117:20)
    at _stream_readable.js:943:16
    at process._tickCallback (node.js:419:13)
==== async task ====
WebElement.sendKeys([object Object])
    at webdriver.WebDriver.schedule (C:\LiveAssist_test\test\node_modules\selenium-webdriver\lib\webdriver\webdriver.js:302:15)
    at webdriver.WebElement.schedule_ (C:\LiveAssist_test\test\node_modules\selenium-webdriver\lib\webdriver\webdriver.js:1665:23)
    at webdriver.WebElement.sendKeys (C:\LiveAssist_test\test\node_modules\selenium-webdriver\lib\webdriver\webdriver.js:1826:15)
    at actionFn (C:\LiveAssist_test\test\node_modules\protractor\lib\protractor.js:134:34)
    at C:\LiveAssist_test\test\node_modules\protractor\lib\protractor.js:431:19
    at Array.forEach (native)
    at C:\LiveAssist_test\test\node_modules\protractor\lib\protractor.js:430:11
    at C:\LiveAssist_test\test\node_modules\selenium-webdriver\lib\goog\base.js:1582:15
    at webdriver.promise.ControlFlow.runInNewFrame_ (C:\LiveAssist_test\test\node_modules\selenium-webdriver\lib\webdriver\promise.js:1640:20)
    at notify (C:\LiveAssist_test\test\node_modules\selenium-webdriver\lib\webdriver\promise.js:444:12)
    at notifyAll (C:\LiveAssist_test\test\node_modules\selenium-webdriver\lib\webdriver\promise.js:422:7)
    at resolve (C:\LiveAssist_test\test\node_modules\selenium-webdriver\lib\webdriver\promise.js:400:7)
    at fulfill (C:\LiveAssist_test\test\node_modules\selenium-webdriver\lib\webdriver\promise.js:512:5)
    at Object.webdriver.promise.asap (C:\LiveAssist_test\test\node_modules\selenium-webdriver\lib\webdriver\promise.js:758:5)
    at webdriver.promise.ControlFlow.runInNewFrame_ (C:\LiveAssist_test\test\node_modules\selenium-webdriver\lib\webdriver\promise.js:1651:25)
    at notify (C:\LiveAssist_test\test\node_modules\selenium-webdriver\lib\webdriver\promise.js:444:12)
    at notifyAll (C:\LiveAssist_test\test\node_modules\selenium-webdriver\lib\webdriver\promise.js:422:7)
    at resolve (C:\LiveAssist_test\test\node_modules\selenium-webdriver\lib\webdriver\promise.js:400:7)
    at fulfill (C:\LiveAssist_test\test\node_modules\selenium-webdriver\lib\webdriver\promise.js:512:5)
    at C:\LiveAssist_test\test\node_modules\selenium-webdriver\lib\goog\base.js:1582:15
    at webdriver.promise.ControlFlow.runInNewFrame_ (C:\LiveAssist_test\test\node_modules\selenium-webdriver\lib\webdriver\promise.js:1640:20)
    at notify (C:\LiveAssist_test\test\node_modules\selenium-webdriver\lib\webdriver\promise.js:444:12)
    at then (C:\LiveAssist_test\test\node_modules\selenium-webdriver\lib\webdriver\promise.js:497:7)
    at Object.webdriver.promise.asap (C:\LiveAssist_test\test\node_modules\selenium-webdriver\lib\webdriver\promise.js:749:11)
    at newFrame.then.e (C:\LiveAssist_test\test\node_modules\selenium-webdriver\lib\webdriver\promise.js:1656:25)
    at C:\LiveAssist_test\test\node_modules\selenium-webdriver\lib\goog\base.js:1582:15
    at webdriver.promise.ControlFlow.runInNewFrame_ (C:\LiveAssist_test\test\node_modules\selenium-webdriver\lib\webdriver\promise.js:1640:20)
    at notify (C:\LiveAssist_test\test\node_modules\selenium-webdriver\lib\webdriver\promise.js:444:12)
    at notifyAll (C:\LiveAssist_test\test\node_modules\selenium-webdriver\lib\webdriver\promise.js:422:7)
    at resolve (C:\LiveAssist_test\test\node_modules\selenium-webdriver\lib\webdriver\promise.js:400:7)
    at fulfill (C:\LiveAssist_test\test\node_modules\selenium-webdriver\lib\webdriver\promise.js:512:5)
    at webdriver.promise.ControlFlow.resolveFrame_ (C:\LiveAssist_test\test\node_modules\selenium-webdriver\lib\webdriver\promise.js:1561:9)
    at webdriver.promise.ControlFlow.getNextTask_ (C:\LiveAssist_test\test\node_modules\selenium-webdriver\lib\webdriver\promise.js:1530:12)
    at webdriver.promise.ControlFlow.runEventLoop_ (C:\LiveAssist_test\test\node_modules\selenium-webdriver\lib\webdriver\promise.js:1488:59)
    at wrapper [as _onTimeout] (timers.js:261:14)
    at Timer.listOnTimeout [as ontimeout] (timers.js:112:15)
Error
    at self.(anonymous function) [as sendKeys] (C:\LiveAssist_test\test\node_modules\protractor\lib\protractor.js:131:27)
    at self.(anonymous function) [as sendKeys] (C:\LiveAssist_test\test\node_modules\protractor\lib\protractor.js:719:13)
    at async.series.ptor.element.getText.then.lastResponse_intent (C:\LiveAssist_test\test\QA_TEST2\TC1601.js:624:30)
    at C:\LiveAssist_test\test\node_modules\async\lib\async.js:610:21
    at C:\LiveAssist_test\test\node_modules\async\lib\async.js:249:17
    at iterate (C:\LiveAssist_test\test\node_modules\async\lib\async.js:149:13)
    at C:\LiveAssist_test\test\node_modules\async\lib\async.js:160:25
    at C:\LiveAssist_test\test\node_modules\async\lib\async.js:251:21
    at C:\LiveAssist_test\test\node_modules\async\lib\async.js:615:34
    at C:\LiveAssist_test\test\QA_TEST2\TC1601.js:590:53
    at C:\LiveAssist_test\test\node_modules\protractor\lib\protractor.js:765:14
    at C:\LiveAssist_test\test\node_modules\selenium-webdriver\lib\goog\base.js:1582:15
    at webdriver.promise.ControlFlow.runInNewFrame_ (C:\LiveAssist_test\test\node_modules\selenium-webdriver\lib\webdriver\promise.js:1640:20)
    at notify (C:\LiveAssist_test\test\node_modules\selenium-webdriver\lib\webdriver\promise.js:444:12)
    at notifyAll (C:\LiveAssist_test\test\node_modules\selenium-webdriver\lib\webdriver\promise.js:422:7)
    at resolve (C:\LiveAssist_test\test\node_modules\selenium-webdriver\lib\webdriver\promise.js:400:7)
    at fulfill (C:\LiveAssist_test\test\node_modules\selenium-webdriver\lib\webdriver\promise.js:512:5)
    at C:\LiveAssist_test\test\node_modules\selenium-webdriver\lib\goog\base.js:1582:15
    at webdriver.promise.ControlFlow.runInNewFrame_ (C:\LiveAssist_test\test\node_modules\selenium-webdriver\lib\webdriver\promise.js:1640:20)
    at notify (C:\LiveAssist_test\test\node_modules\selenium-webdriver\lib\webdriver\promise.js:444:12)
    at then (C:\LiveAssist_test\test\node_modules\selenium-webdriver\lib\webdriver\promise.js:497:7)
    at Object.webdriver.promise.asap (C:\LiveAssist_test\test\node_modules\selenium-webdriver\lib\webdriver\promise.js:749:11)
    at newFrame.then.e (C:\LiveAssist_test\test\node_modules\selenium-webdriver\lib\webdriver\promise.js:1656:25)
    at C:\LiveAssist_test\test\node_modules\selenium-webdriver\lib\goog\base.js:1582:15
    at webdriver.promise.ControlFlow.runInNewFrame_ (C:\LiveAssist_test\test\node_modules\selenium-webdriver\lib\webdriver\promise.js:1640:20)
    at notify (C:\LiveAssist_test\test\node_modules\selenium-webdriver\lib\webdriver\promise.js:444:12)
    at notifyAll (C:\LiveAssist_test\test\node_modules\selenium-webdriver\lib\webdriver\promise.js:422:7)
    at resolve (C:\LiveAssist_test\test\node_modules\selenium-webdriver\lib\webdriver\promise.js:400:7)
    at fulfill (C:\LiveAssist_test\test\node_modules\selenium-webdriver\lib\webdriver\promise.js:512:5)
    at webdriver.promise.ControlFlow.resolveFrame_ (C:\LiveAssist_test\test\node_modules\selenium-webdriver\lib\webdriver\promise.js:1561:9)
    at webdriver.promise.ControlFlow.getNextTask_ (C:\LiveAssist_test\test\node_modules\selenium-webdriver\lib\webdriver\promise.js:1530:12)
    at webdriver.promise.ControlFlow.runEventLoop_ (C:\LiveAssist_test\test\node_modules\selenium-webdriver\lib\webdriver\promise.js:1488:59)
    at wrapper [as _onTimeout] (timers.js:261:14)
    at Timer.listOnTimeout [as ontimeout] (timers.js:112:15)]]></failure></testcase>
<testcase classname="TC1602: Verify the call log has the intent id  for the main group BILLING" name="TC1602: Verify the call log has the intent id  for the main group BILLING" time="0" message="invalid element state
  (Session info: chrome=38.0.2125.122)
  (Driver info: chromedriver=2.12.301325 (962dea43ddd90e7e4224a03fa3c36a421281abb7),platform=Windows NT 5.2 SP2 x86) (WARNING: The server did not provide any stacktrace information)
Command duration or timeout: 16 milliseconds
Build info: version: '2.43.1', revision: '5163bce', time: '2014-09-10 16:27:33'
System info: host: 'mtl-bl1-12-vm10', ip: '10.3.41.73', os.name: 'Windows 2003', os.arch: 'x86', os.version: '5.2', java.version: '1.7.0_60'
Session ID: 69ff290c6ce4e0b84acf486d7e2e3ba5
Driver info: org.openqa.selenium.chrome.ChromeDriver
Capabilities [{platform=XP, acceptSslCerts=true, javascriptEnabled=true, browserName=chrome, chrome={userDataDir=C:\DOCUME~1\root\LOCALS~1\Temp\1\scoped_dir6152_28323}, rotatable=false, locationContextEnabled=true, mobileEmulationEnabled=false, version=38.0.2125.122, takesHeapSnapshot=true, cssSelectorsEnabled=true, databaseEnabled=false, handlesAlerts=true, browserConnectionEnabled=false, nativeEvents=true, webStorageEnabled=true, applicationCacheEnabled=false, takesScreenshot=true}]"><failure classname="TC1602: Verify the call log has the intent id  for the main group BILLING" name="TC1602: Verify the call log has the intent id  for the main group BILLING" time="0" message="invalid element state
  (Session info: chrome=38.0.2125.122)
  (Driver info: chromedriver=2.12.301325 (962dea43ddd90e7e4224a03fa3c36a421281abb7),platform=Windows NT 5.2 SP2 x86) (WARNING: The server did not provide any stacktrace information)
Command duration or timeout: 16 milliseconds
Build info: version: '2.43.1', revision: '5163bce', time: '2014-09-10 16:27:33'
System info: host: 'mtl-bl1-12-vm10', ip: '10.3.41.73', os.name: 'Windows 2003', os.arch: 'x86', os.version: '5.2', java.version: '1.7.0_60'
Session ID: 69ff290c6ce4e0b84acf486d7e2e3ba5
Driver info: org.openqa.selenium.chrome.ChromeDriver
Capabilities [{platform=XP, acceptSslCerts=true, javascriptEnabled=true, browserName=chrome, chrome={userDataDir=C:\DOCUME~1\root\LOCALS~1\Temp\1\scoped_dir6152_28323}, rotatable=false, locationContextEnabled=true, mobileEmulationEnabled=false, version=38.0.2125.122, takesHeapSnapshot=true, cssSelectorsEnabled=true, databaseEnabled=false, handlesAlerts=true, browserConnectionEnabled=false, nativeEvents=true, webStorageEnabled=true, applicationCacheEnabled=false, takesScreenshot=true}]"><![CDATA[InvalidElementStateError: invalid element state
  (Session info: chrome=38.0.2125.122)
  (Driver info: chromedriver=2.12.301325 (962dea43ddd90e7e4224a03fa3c36a421281abb7),platform=Windows NT 5.2 SP2 x86) (WARNING: The server did not provide any stacktrace information)
Command duration or timeout: 16 milliseconds
Build info: version: '2.43.1', revision: '5163bce', time: '2014-09-10 16:27:33'
System info: host: 'mtl-bl1-12-vm10', ip: '10.3.41.73', os.name: 'Windows 2003', os.arch: 'x86', os.version: '5.2', java.version: '1.7.0_60'
Session ID: 69ff290c6ce4e0b84acf486d7e2e3ba5
Driver info: org.openqa.selenium.chrome.ChromeDriver
Capabilities [{platform=XP, acceptSslCerts=true, javascriptEnabled=true, browserName=chrome, chrome={userDataDir=C:\DOCUME~1\root\LOCALS~1\Temp\1\scoped_dir6152_28323}, rotatable=false, locationContextEnabled=true, mobileEmulationEnabled=false, version=38.0.2125.122, takesHeapSnapshot=true, cssSelectorsEnabled=true, databaseEnabled=false, handlesAlerts=true, browserConnectionEnabled=false, nativeEvents=true, webStorageEnabled=true, applicationCacheEnabled=false, takesScreenshot=true}]
    at new bot.Error (C:\LiveAssist_test\test\node_modules\selenium-webdriver\lib\atoms\error.js:113:18)
    at Object.bot.response.checkResponse (C:\LiveAssist_test\test\node_modules\selenium-webdriver\lib\atoms\response.js:106:9)
    at C:\LiveAssist_test\test\node_modules\selenium-webdriver\lib\webdriver\webdriver.js:319:20
    at C:\LiveAssist_test\test\node_modules\selenium-webdriver\lib\goog\base.js:1582:15
    at webdriver.promise.ControlFlow.runInNewFrame_ (C:\LiveAssist_test\test\node_modules\selenium-webdriver\lib\webdriver\promise.js:1640:20)
    at notify (C:\LiveAssist_test\test\node_modules\selenium-webdriver\lib\webdriver\promise.js:444:12)
    at notifyAll (C:\LiveAssist_test\test\node_modules\selenium-webdriver\lib\webdriver\promise.js:422:7)
    at resolve (C:\LiveAssist_test\test\node_modules\selenium-webdriver\lib\webdriver\promise.js:400:7)
    at fulfill (C:\LiveAssist_test\test\node_modules\selenium-webdriver\lib\webdriver\promise.js:512:5)
    at C:\LiveAssist_test\test\node_modules\selenium-webdriver\lib\webdriver\promise.js:1507:10
    at C:\LiveAssist_test\test\node_modules\selenium-webdriver\lib\goog\base.js:1582:15
    at webdriver.promise.ControlFlow.runInNewFrame_ (C:\LiveAssist_test\test\node_modules\selenium-webdriver\lib\webdriver\promise.js:1640:20)
    at notify (C:\LiveAssist_test\test\node_modules\selenium-webdriver\lib\webdriver\promise.js:444:12)
    at notifyAll (C:\LiveAssist_test\test\node_modules\selenium-webdriver\lib\webdriver\promise.js:422:7)
    at resolve (C:\LiveAssist_test\test\node_modules\selenium-webdriver\lib\webdriver\promise.js:400:7)
    at fulfill (C:\LiveAssist_test\test\node_modules\selenium-webdriver\lib\webdriver\promise.js:512:5)
    at C:\LiveAssist_test\test\node_modules\selenium-webdriver\lib\goog\base.js:1582:15
    at webdriver.promise.ControlFlow.runInNewFrame_ (C:\LiveAssist_test\test\node_modules\selenium-webdriver\lib\webdriver\promise.js:1640:20)
    at notify (C:\LiveAssist_test\test\node_modules\selenium-webdriver\lib\webdriver\promise.js:444:12)
    at notifyAll (C:\LiveAssist_test\test\node_modules\selenium-webdriver\lib\webdriver\promise.js:422:7)
    at resolve (C:\LiveAssist_test\test\node_modules\selenium-webdriver\lib\webdriver\promise.js:400:7)
    at fulfill (C:\LiveAssist_test\test\node_modules\selenium-webdriver\lib\webdriver\promise.js:512:5)
    at C:\LiveAssist_test\test\node_modules\selenium-webdriver\lib\webdriver\promise.js:703:49
    at C:\LiveAssist_test\test\node_modules\selenium-webdriver\lib\webdriver\http\http.js:96:5
    at IncomingMessage.&lt;anonymous&gt; (C:\LiveAssist_test\test\node_modules\selenium-webdriver\http\index.js:131:7)
    at IncomingMessage.emit (events.js:117:20)
    at _stream_readable.js:943:16
    at process._tickCallback (node.js:419:13)
==== async task ====
WebElement.sendKeys([object Object])
    at webdriver.WebDriver.schedule (C:\LiveAssist_test\test\node_modules\selenium-webdriver\lib\webdriver\webdriver.js:302:15)
    at webdriver.WebElement.schedule_ (C:\LiveAssist_test\test\node_modules\selenium-webdriver\lib\webdriver\webdriver.js:1665:23)
    at webdriver.WebElement.sendKeys (C:\LiveAssist_test\test\node_modules\selenium-webdriver\lib\webdriver\webdriver.js:1826:15)
    at actionFn (C:\LiveAssist_test\test\node_modules\protractor\lib\protractor.js:134:34)
    at C:\LiveAssist_test\test\node_modules\protractor\lib\protractor.js:431:19
    at Array.forEach (native)
    at C:\LiveAssist_test\test\node_modules\protractor\lib\protractor.js:430:11
    at C:\LiveAssist_test\test\node_modules\selenium-webdriver\lib\goog\base.js:1582:15
    at webdriver.promise.ControlFlow.runInNewFrame_ (C:\LiveAssist_test\test\node_modules\selenium-webdriver\lib\webdriver\promise.js:1640:20)
    at notify (C:\LiveAssist_test\test\node_modules\selenium-webdriver\lib\webdriver\promise.js:444:12)
    at notifyAll (C:\LiveAssist_test\test\node_modules\selenium-webdriver\lib\webdriver\promise.js:422:7)
    at resolve (C:\LiveAssist_test\test\node_modules\selenium-webdriver\lib\webdriver\promise.js:400:7)
    at fulfill (C:\LiveAssist_test\test\node_modules\selenium-webdriver\lib\webdriver\promise.js:512:5)
    at Object.webdriver.promise.asap (C:\LiveAssist_test\test\node_modules\selenium-webdriver\lib\webdriver\promise.js:758:5)
    at webdriver.promise.ControlFlow.runInNewFrame_ (C:\LiveAssist_test\test\node_modules\selenium-webdriver\lib\webdriver\promise.js:1651:25)
    at notify (C:\LiveAssist_test\test\node_modules\selenium-webdriver\lib\webdriver\promise.js:444:12)
    at notifyAll (C:\LiveAssist_test\test\node_modules\selenium-webdriver\lib\webdriver\promise.js:422:7)
    at resolve (C:\LiveAssist_test\test\node_modules\selenium-webdriver\lib\webdriver\promise.js:400:7)
    at fulfill (C:\LiveAssist_test\test\node_modules\selenium-webdriver\lib\webdriver\promise.js:512:5)
    at C:\LiveAssist_test\test\node_modules\selenium-webdriver\lib\goog\base.js:1582:15
    at webdriver.promise.ControlFlow.runInNewFrame_ (C:\LiveAssist_test\test\node_modules\selenium-webdriver\lib\webdriver\promise.js:1640:20)
    at notify (C:\LiveAssist_test\test\node_modules\selenium-webdriver\lib\webdriver\promise.js:444:12)
    at then (C:\LiveAssist_test\test\node_modules\selenium-webdriver\lib\webdriver\promise.js:497:7)
    at Object.webdriver.promise.asap (C:\LiveAssist_test\test\node_modules\selenium-webdriver\lib\webdriver\promise.js:749:11)
    at newFrame.then.e (C:\LiveAssist_test\test\node_modules\selenium-webdriver\lib\webdriver\promise.js:1656:25)
    at C:\LiveAssist_test\test\node_modules\selenium-webdriver\lib\goog\base.js:1582:15
    at webdriver.promise.ControlFlow.runInNewFrame_ (C:\LiveAssist_test\test\node_modules\selenium-webdriver\lib\webdriver\promise.js:1640:20)
    at notify (C:\LiveAssist_test\test\node_modules\selenium-webdriver\lib\webdriver\promise.js:444:12)
    at notifyAll (C:\LiveAssist_test\test\node_modules\selenium-webdriver\lib\webdriver\promise.js:422:7)
    at resolve (C:\LiveAssist_test\test\node_modules\selenium-webdriver\lib\webdriver\promise.js:400:7)
    at fulfill (C:\LiveAssist_test\test\node_modules\selenium-webdriver\lib\webdriver\promise.js:512:5)
    at webdriver.promise.ControlFlow.resolveFrame_ (C:\LiveAssist_test\test\node_modules\selenium-webdriver\lib\webdriver\promise.js:1561:9)
    at webdriver.promise.ControlFlow.getNextTask_ (C:\LiveAssist_test\test\node_modules\selenium-webdriver\lib\webdriver\promise.js:1530:12)
    at webdriver.promise.ControlFlow.runEventLoop_ (C:\LiveAssist_test\test\node_modules\selenium-webdriver\lib\webdriver\promise.js:1488:59)
    at wrapper [as _onTimeout] (timers.js:261:14)
    at Timer.listOnTimeout [as ontimeout] (timers.js:112:15)
Error
    at self.(anonymous function) [as sendKeys] (C:\LiveAssist_test\test\node_modules\protractor\lib\protractor.js:131:27)
    at self.(anonymous function) [as sendKeys] (C:\LiveAssist_test\test\node_modules\protractor\lib\protractor.js:719:13)
    at async.series.ptor.element.getText.then.lastResponse_intent (C:\LiveAssist_test\test\QA_TEST2\TC1602.js:624:30)
    at C:\LiveAssist_test\test\node_modules\async\lib\async.js:610:21
    at C:\LiveAssist_test\test\node_modules\async\lib\async.js:249:17
    at iterate (C:\LiveAssist_test\test\node_modules\async\lib\async.js:149:13)
    at C:\LiveAssist_test\test\node_modules\async\lib\async.js:160:25
    at C:\LiveAssist_test\test\node_modules\async\lib\async.js:251:21
    at C:\LiveAssist_test\test\node_modules\async\lib\async.js:615:34
    at C:\LiveAssist_test\test\QA_TEST2\TC1602.js:583:53
    at C:\LiveAssist_test\test\node_modules\protractor\lib\protractor.js:765:14
    at C:\LiveAssist_test\test\node_modules\selenium-webdriver\lib\goog\base.js:1582:15
    at webdriver.promise.ControlFlow.runInNewFrame_ (C:\LiveAssist_test\test\node_modules\selenium-webdriver\lib\webdriver\promise.js:1640:20)
    at notify (C:\LiveAssist_test\test\node_modules\selenium-webdriver\lib\webdriver\promise.js:444:12)
    at notifyAll (C:\LiveAssist_test\test\node_modules\selenium-webdriver\lib\webdriver\promise.js:422:7)
    at resolve (C:\LiveAssist_test\test\node_modules\selenium-webdriver\lib\webdriver\promise.js:400:7)
    at fulfill (C:\LiveAssist_test\test\node_modules\selenium-webdriver\lib\webdriver\promise.js:512:5)
    at C:\LiveAssist_test\test\node_modules\selenium-webdriver\lib\goog\base.js:1582:15
    at webdriver.promise.ControlFlow.runInNewFrame_ (C:\LiveAssist_test\test\node_modules\selenium-webdriver\lib\webdriver\promise.js:1640:20)
    at notify (C:\LiveAssist_test\test\node_modules\selenium-webdriver\lib\webdriver\promise.js:444:12)
    at then (C:\LiveAssist_test\test\node_modules\selenium-webdriver\lib\webdriver\promise.js:497:7)
    at Object.webdriver.promise.asap (C:\LiveAssist_test\test\node_modules\selenium-webdriver\lib\webdriver\promise.js:749:11)
    at newFrame.then.e (C:\LiveAssist_test\test\node_modules\selenium-webdriver\lib\webdriver\promise.js:1656:25)
    at C:\LiveAssist_test\test\node_modules\selenium-webdriver\lib\goog\base.js:1582:15
    at webdriver.promise.ControlFlow.runInNewFrame_ (C:\LiveAssist_test\test\node_modules\selenium-webdriver\lib\webdriver\promise.js:1640:20)
    at notify (C:\LiveAssist_test\test\node_modules\selenium-webdriver\lib\webdriver\promise.js:444:12)
    at notifyAll (C:\LiveAssist_test\test\node_modules\selenium-webdriver\lib\webdriver\promise.js:422:7)
    at resolve (C:\LiveAssist_test\test\node_modules\selenium-webdriver\lib\webdriver\promise.js:400:7)
    at fulfill (C:\LiveAssist_test\test\node_modules\selenium-webdriver\lib\webdriver\promise.js:512:5)
    at webdriver.promise.ControlFlow.resolveFrame_ (C:\LiveAssist_test\test\node_modules\selenium-webdriver\lib\webdriver\promise.js:1561:9)
    at webdriver.promise.ControlFlow.getNextTask_ (C:\LiveAssist_test\test\node_modules\selenium-webdriver\lib\webdriver\promise.js:1530:12)
    at webdriver.promise.ControlFlow.runEventLoop_ (C:\LiveAssist_test\test\node_modules\selenium-webdriver\lib\webdriver\promise.js:1488:59)
    at wrapper [as _onTimeout] (timers.js:261:14)
    at Timer.listOnTimeout [as ontimeout] (timers.js:112:15)]]></failure></testcase>
<testcase classname="TC1603: Verify the call log has the customized variables for the main group BILLING" name="TC1603: Verify the call log has the customized variables for the main group BILLING" time="0" message="invalid element state
  (Session info: chrome=38.0.2125.122)
  (Driver info: chromedriver=2.12.301325 (962dea43ddd90e7e4224a03fa3c36a421281abb7),platform=Windows NT 5.2 SP2 x86) (WARNING: The server did not provide any stacktrace information)
Command duration or timeout: 32 milliseconds
Build info: version: '2.43.1', revision: '5163bce', time: '2014-09-10 16:27:33'
System info: host: 'mtl-bl1-12-vm10', ip: '10.3.41.73', os.name: 'Windows 2003', os.arch: 'x86', os.version: '5.2', java.version: '1.7.0_60'
Session ID: ea16f1dc67752b7f198410cef7b6fd18
Driver info: org.openqa.selenium.chrome.ChromeDriver
Capabilities [{platform=XP, acceptSslCerts=true, javascriptEnabled=true, browserName=chrome, chrome={userDataDir=C:\DOCUME~1\root\LOCALS~1\Temp\1\scoped_dir7192_31945}, rotatable=false, locationContextEnabled=true, mobileEmulationEnabled=false, version=38.0.2125.122, takesHeapSnapshot=true, cssSelectorsEnabled=true, databaseEnabled=false, handlesAlerts=true, browserConnectionEnabled=false, nativeEvents=true, webStorageEnabled=true, applicationCacheEnabled=false, takesScreenshot=true}]"><failure classname="TC1603: Verify the call log has the customized variables for the main group BILLING" name="TC1603: Verify the call log has the customized variables for the main group BILLING" time="0" message="invalid element state
  (Session info: chrome=38.0.2125.122)
  (Driver info: chromedriver=2.12.301325 (962dea43ddd90e7e4224a03fa3c36a421281abb7),platform=Windows NT 5.2 SP2 x86) (WARNING: The server did not provide any stacktrace information)
Command duration or timeout: 32 milliseconds
Build info: version: '2.43.1', revision: '5163bce', time: '2014-09-10 16:27:33'
System info: host: 'mtl-bl1-12-vm10', ip: '10.3.41.73', os.name: 'Windows 2003', os.arch: 'x86', os.version: '5.2', java.version: '1.7.0_60'
Session ID: ea16f1dc67752b7f198410cef7b6fd18
Driver info: org.openqa.selenium.chrome.ChromeDriver
Capabilities [{platform=XP, acceptSslCerts=true, javascriptEnabled=true, browserName=chrome, chrome={userDataDir=C:\DOCUME~1\root\LOCALS~1\Temp\1\scoped_dir7192_31945}, rotatable=false, locationContextEnabled=true, mobileEmulationEnabled=false, version=38.0.2125.122, takesHeapSnapshot=true, cssSelectorsEnabled=true, databaseEnabled=false, handlesAlerts=true, browserConnectionEnabled=false, nativeEvents=true, webStorageEnabled=true, applicationCacheEnabled=false, takesScreenshot=true}]"><![CDATA[InvalidElementStateError: invalid element state
  (Session info: chrome=38.0.2125.122)
  (Driver info: chromedriver=2.12.301325 (962dea43ddd90e7e4224a03fa3c36a421281abb7),platform=Windows NT 5.2 SP2 x86) (WARNING: The server did not provide any stacktrace information)
Command duration or timeout: 32 milliseconds
Build info: version: '2.43.1', revision: '5163bce', time: '2014-09-10 16:27:33'
System info: host: 'mtl-bl1-12-vm10', ip: '10.3.41.73', os.name: 'Windows 2003', os.arch: 'x86', os.version: '5.2', java.version: '1.7.0_60'
Session ID: ea16f1dc67752b7f198410cef7b6fd18
Driver info: org.openqa.selenium.chrome.ChromeDriver
Capabilities [{platform=XP, acceptSslCerts=true, javascriptEnabled=true, browserName=chrome, chrome={userDataDir=C:\DOCUME~1\root\LOCALS~1\Temp\1\scoped_dir7192_31945}, rotatable=false, locationContextEnabled=true, mobileEmulationEnabled=false, version=38.0.2125.122, takesHeapSnapshot=true, cssSelectorsEnabled=true, databaseEnabled=false, handlesAlerts=true, browserConnectionEnabled=false, nativeEvents=true, webStorageEnabled=true, applicationCacheEnabled=false, takesScreenshot=true}]
    at new bot.Error (C:\LiveAssist_test\test\node_modules\selenium-webdriver\lib\atoms\error.js:113:18)
    at Object.bot.response.checkResponse (C:\LiveAssist_test\test\node_modules\selenium-webdriver\lib\atoms\response.js:106:9)
    at C:\LiveAssist_test\test\node_modules\selenium-webdriver\lib\webdriver\webdriver.js:319:20
    at C:\LiveAssist_test\test\node_modules\selenium-webdriver\lib\goog\base.js:1582:15
    at webdriver.promise.ControlFlow.runInNewFrame_ (C:\LiveAssist_test\test\node_modules\selenium-webdriver\lib\webdriver\promise.js:1640:20)
    at notify (C:\LiveAssist_test\test\node_modules\selenium-webdriver\lib\webdriver\promise.js:444:12)
    at notifyAll (C:\LiveAssist_test\test\node_modules\selenium-webdriver\lib\webdriver\promise.js:422:7)
    at resolve (C:\LiveAssist_test\test\node_modules\selenium-webdriver\lib\webdriver\promise.js:400:7)
    at fulfill (C:\LiveAssist_test\test\node_modules\selenium-webdriver\lib\webdriver\promise.js:512:5)
    at C:\LiveAssist_test\test\node_modules\selenium-webdriver\lib\webdriver\promise.js:1507:10
    at C:\LiveAssist_test\test\node_modules\selenium-webdriver\lib\goog\base.js:1582:15
    at webdriver.promise.ControlFlow.runInNewFrame_ (C:\LiveAssist_test\test\node_modules\selenium-webdriver\lib\webdriver\promise.js:1640:20)
    at notify (C:\LiveAssist_test\test\node_modules\selenium-webdriver\lib\webdriver\promise.js:444:12)
    at notifyAll (C:\LiveAssist_test\test\node_modules\selenium-webdriver\lib\webdriver\promise.js:422:7)
    at resolve (C:\LiveAssist_test\test\node_modules\selenium-webdriver\lib\webdriver\promise.js:400:7)
    at fulfill (C:\LiveAssist_test\test\node_modules\selenium-webdriver\lib\webdriver\promise.js:512:5)
    at C:\LiveAssist_test\test\node_modules\selenium-webdriver\lib\goog\base.js:1582:15
    at webdriver.promise.ControlFlow.runInNewFrame_ (C:\LiveAssist_test\test\node_modules\selenium-webdriver\lib\webdriver\promise.js:1640:20)
    at notify (C:\LiveAssist_test\test\node_modules\selenium-webdriver\lib\webdriver\promise.js:444:12)
    at notifyAll (C:\LiveAssist_test\test\node_modules\selenium-webdriver\lib\webdriver\promise.js:422:7)
    at resolve (C:\LiveAssist_test\test\node_modules\selenium-webdriver\lib\webdriver\promise.js:400:7)
    at fulfill (C:\LiveAssist_test\test\node_modules\selenium-webdriver\lib\webdriver\promise.js:512:5)
    at C:\LiveAssist_test\test\node_modules\selenium-webdriver\lib\webdriver\promise.js:703:49
    at C:\LiveAssist_test\test\node_modules\selenium-webdriver\lib\webdriver\http\http.js:96:5
    at IncomingMessage.&lt;anonymous&gt; (C:\LiveAssist_test\test\node_modules\selenium-webdriver\http\index.js:131:7)
    at IncomingMessage.emit (events.js:117:20)
    at _stream_readable.js:943:16
    at process._tickCallback (node.js:419:13)
==== async task ====
WebElement.sendKeys([object Object])
    at webdriver.WebDriver.schedule (C:\LiveAssist_test\test\node_modules\selenium-webdriver\lib\webdriver\webdriver.js:302:15)
    at webdriver.WebElement.schedule_ (C:\LiveAssist_test\test\node_modules\selenium-webdriver\lib\webdriver\webdriver.js:1665:23)
    at webdriver.WebElement.sendKeys (C:\LiveAssist_test\test\node_modules\selenium-webdriver\lib\webdriver\webdriver.js:1826:15)
    at actionFn (C:\LiveAssist_test\test\node_modules\protractor\lib\protractor.js:134:34)
    at C:\LiveAssist_test\test\node_modules\protractor\lib\protractor.js:431:19
    at Array.forEach (native)
    at C:\LiveAssist_test\test\node_modules\protractor\lib\protractor.js:430:11
    at C:\LiveAssist_test\test\node_modules\selenium-webdriver\lib\goog\base.js:1582:15
    at webdriver.promise.ControlFlow.runInNewFrame_ (C:\LiveAssist_test\test\node_modules\selenium-webdriver\lib\webdriver\promise.js:1640:20)
    at notify (C:\LiveAssist_test\test\node_modules\selenium-webdriver\lib\webdriver\promise.js:444:12)
    at notifyAll (C:\LiveAssist_test\test\node_modules\selenium-webdriver\lib\webdriver\promise.js:422:7)
    at resolve (C:\LiveAssist_test\test\node_modules\selenium-webdriver\lib\webdriver\promise.js:400:7)
    at fulfill (C:\LiveAssist_test\test\node_modules\selenium-webdriver\lib\webdriver\promise.js:512:5)
    at Object.webdriver.promise.asap (C:\LiveAssist_test\test\node_modules\selenium-webdriver\lib\webdriver\promise.js:758:5)
    at webdriver.promise.ControlFlow.runInNewFrame_ (C:\LiveAssist_test\test\node_modules\selenium-webdriver\lib\webdriver\promise.js:1651:25)
    at notify (C:\LiveAssist_test\test\node_modules\selenium-webdriver\lib\webdriver\promise.js:444:12)
    at notifyAll (C:\LiveAssist_test\test\node_modules\selenium-webdriver\lib\webdriver\promise.js:422:7)
    at resolve (C:\LiveAssist_test\test\node_modules\selenium-webdriver\lib\webdriver\promise.js:400:7)
    at fulfill (C:\LiveAssist_test\test\node_modules\selenium-webdriver\lib\webdriver\promise.js:512:5)
    at C:\LiveAssist_test\test\node_modules\selenium-webdriver\lib\goog\base.js:1582:15
    at webdriver.promise.ControlFlow.runInNewFrame_ (C:\LiveAssist_test\test\node_modules\selenium-webdriver\lib\webdriver\promise.js:1640:20)
    at notify (C:\LiveAssist_test\test\node_modules\selenium-webdriver\lib\webdriver\promise.js:444:12)
    at then (C:\LiveAssist_test\test\node_modules\selenium-webdriver\lib\webdriver\promise.js:497:7)
    at Object.webdriver.promise.asap (C:\LiveAssist_test\test\node_modules\selenium-webdriver\lib\webdriver\promise.js:749:11)
    at newFrame.then.e (C:\LiveAssist_test\test\node_modules\selenium-webdriver\lib\webdriver\promise.js:1656:25)
    at C:\LiveAssist_test\test\node_modules\selenium-webdriver\lib\goog\base.js:1582:15
    at webdriver.promise.ControlFlow.runInNewFrame_ (C:\LiveAssist_test\test\node_modules\selenium-webdriver\lib\webdriver\promise.js:1640:20)
    at notify (C:\LiveAssist_test\test\node_modules\selenium-webdriver\lib\webdriver\promise.js:444:12)
    at notifyAll (C:\LiveAssist_test\test\node_modules\selenium-webdriver\lib\webdriver\promise.js:422:7)
    at resolve (C:\LiveAssist_test\test\node_modules\selenium-webdriver\lib\webdriver\promise.js:400:7)
    at fulfill (C:\LiveAssist_test\test\node_modules\selenium-webdriver\lib\webdriver\promise.js:512:5)
    at webdriver.promise.ControlFlow.resolveFrame_ (C:\LiveAssist_test\test\node_modules\selenium-webdriver\lib\webdriver\promise.js:1561:9)
    at webdriver.promise.ControlFlow.getNextTask_ (C:\LiveAssist_test\test\node_modules\selenium-webdriver\lib\webdriver\promise.js:1530:12)
    at webdriver.promise.ControlFlow.runEventLoop_ (C:\LiveAssist_test\test\node_modules\selenium-webdriver\lib\webdriver\promise.js:1488:59)
    at wrapper [as _onTimeout] (timers.js:261:14)
    at Timer.listOnTimeout [as ontimeout] (timers.js:112:15)
Error
    at self.(anonymous function) [as sendKeys] (C:\LiveAssist_test\test\node_modules\protractor\lib\protractor.js:131:27)
    at self.(anonymous function) [as sendKeys] (C:\LiveAssist_test\test\node_modules\protractor\lib\protractor.js:719:13)
    at async.series.ptor.element.getText.then.lastResponse_intent (C:\LiveAssist_test\test\QA_TEST2\TC1603.js:671:30)
    at C:\LiveAssist_test\test\node_modules\async\lib\async.js:610:21
    at C:\LiveAssist_test\test\node_modules\async\lib\async.js:249:17
    at iterate (C:\LiveAssist_test\test\node_modules\async\lib\async.js:149:13)
    at C:\LiveAssist_test\test\node_modules\async\lib\async.js:160:25
    at C:\LiveAssist_test\test\node_modules\async\lib\async.js:251:21
    at C:\LiveAssist_test\test\node_modules\async\lib\async.js:615:34
    at C:\LiveAssist_test\test\QA_TEST2\TC1603.js:649:33
    at Object.async.whilst (C:\LiveAssist_test\test\node_modules\async\lib\async.js:686:13)
    at C:\LiveAssist_test\test\QA_TEST2\TC1603.js:613:27
    at C:\LiveAssist_test\test\node_modules\selenium-webdriver\lib\goog\base.js:1582:15
    at webdriver.promise.ControlFlow.runInNewFrame_ (C:\LiveAssist_test\test\node_modules\selenium-webdriver\lib\webdriver\promise.js:1640:20)
    at notify (C:\LiveAssist_test\test\node_modules\selenium-webdriver\lib\webdriver\promise.js:444:12)
    at notifyAll (C:\LiveAssist_test\test\node_modules\selenium-webdriver\lib\webdriver\promise.js:422:7)
    at resolve (C:\LiveAssist_test\test\node_modules\selenium-webdriver\lib\webdriver\promise.js:400:7)
    at fulfill (C:\LiveAssist_test\test\node_modules\selenium-webdriver\lib\webdriver\promise.js:512:5)
    at Object.webdriver.promise.asap (C:\LiveAssist_test\test\node_modules\selenium-webdriver\lib\webdriver\promise.js:758:5)
    at webdriver.promise.ControlFlow.runInNewFrame_ (C:\LiveAssist_test\test\node_modules\selenium-webdriver\lib\webdriver\promise.js:1651:25)
    at notify (C:\LiveAssist_test\test\node_modules\selenium-webdriver\lib\webdriver\promise.js:444:12)
    at notifyAll (C:\LiveAssist_test\test\node_modules\selenium-webdriver\lib\webdriver\promise.js:422:7)
    at resolve (C:\LiveAssist_test\test\node_modules\selenium-webdriver\lib\webdriver\promise.js:400:7)
    at fulfill (C:\LiveAssist_test\test\node_modules\selenium-webdriver\lib\webdriver\promise.js:512:5)
    at C:\LiveAssist_test\test\node_modules\selenium-webdriver\lib\goog\base.js:1582:15
    at webdriver.promise.ControlFlow.runInNewFrame_ (C:\LiveAssist_test\test\node_modules\selenium-webdriver\lib\webdriver\promise.js:1640:20)
    at notify (C:\LiveAssist_test\test\node_modules\selenium-webdriver\lib\webdriver\promise.js:444:12)
    at then (C:\LiveAssist_test\test\node_modules\selenium-webdriver\lib\webdriver\promise.js:497:7)
    at Object.webdriver.promise.asap (C:\LiveAssist_test\test\node_modules\selenium-webdriver\lib\webdriver\promise.js:749:11)
    at newFrame.then.e (C:\LiveAssist_test\test\node_modules\selenium-webdriver\lib\webdriver\promise.js:1656:25)
    at C:\LiveAssist_test\test\node_modules\selenium-webdriver\lib\goog\base.js:1582:15
    at webdriver.promise.ControlFlow.runInNewFrame_ (C:\LiveAssist_test\test\node_modules\selenium-webdriver\lib\webdriver\promise.js:1640:20)
    at notify (C:\LiveAssist_test\test\node_modules\selenium-webdriver\lib\webdriver\promise.js:444:12)
    at notifyAll (C:\LiveAssist_test\test\node_modules\selenium-webdriver\lib\webdriver\promise.js:422:7)
    at resolve (C:\LiveAssist_test\test\node_modules\selenium-webdriver\lib\webdriver\promise.js:400:7)
    at fulfill (C:\LiveAssist_test\test\node_modules\selenium-webdriver\lib\webdriver\promise.js:512:5)
    at webdriver.promise.ControlFlow.resolveFrame_ (C:\LiveAssist_test\test\node_modules\selenium-webdriver\lib\webdriver\promise.js:1561:9)
    at webdriver.promise.ControlFlow.getNextTask_ (C:\LiveAssist_test\test\node_modules\selenium-webdriver\lib\webdriver\promise.js:1530:12)
    at webdriver.promise.ControlFlow.runEventLoop_ (C:\LiveAssist_test\test\node_modules\selenium-webdriver\lib\webdriver\promise.js:1488:59)
    at wrapper [as _onTimeout] (timers.js:261:14)
    at Timer.listOnTimeout [as ontimeout] (timers.js:112:15)]]></failure></testcase>
<testcase classname="TC1604: Verify the customized variables for the main group BILLING in each of the call log and the result of the debug api and agent browser gui summary" name="TC1604: Verify the customized variables for the main group BILLING in each of the call log and the result of the debug api and agent browser gui summary" time="13.012"/>
<testcase classname="TC1605: Verify LA can parse MRCP API with the new parameter resultMediaType for NLSML - recognition result example1" name="TC1605: Verify LA can parse MRCP API with the new parameter resultMediaType for NLSML - recognition result example1" time="15.351"/>
<testcase classname="TC1606: Verify LA can parse MRCP API with the new parameter resultMediaType for NLSML - recognition result example2" name="TC1606: Verify LA can parse MRCP API with the new parameter resultMediaType for NLSML - recognition result example2" time="15.169"/>
<testcase classname="TC1607: Verify LA can parse MRCP API with the new parameter resultMediaType for NLSML - recognition result example3" name="TC1607: Verify LA can parse MRCP API with the new parameter resultMediaType for NLSML - recognition result example3" time="15.107"/>
<testcase classname="TC1609: Verify LA can get the confidence level 0.5 to escalate: for NLSML" name="TC1609: Verify LA can get the confidence level 0.5 to escalate: for NLSML" time="15.339"/>
<testcase classname="TC1610: Verify LA can generate the agent pending response for NLSML- case grammarIds in startRec is same as interpretation grammar in recognitionResult" name="TC1610: Verify LA can generate the agent pending response for NLSML - case grammarIds in startRec is same as interpretation grammar in recognitionResult" time="15.358"/>
<testcase classname="TC1611: Verify LA can generate the agent pending response for NLSML- case grammarIds in startRec is different from interpretation grammar in recognitionResult" name="TC1611: Verify LA can generate the agent pending response for NLSML case- grammarIds in startRec is different from interpretation grammar in recognitionResult" time="15.049"/>
<testcase classname="TC1612: Verify LA can generate the agent pending response for NLSMS resultMediaType but grammarIds used in startRec is same as NVP sends the grammar ids " name="TC1612: Verify LA can generate the agent pending response for NLSML resultMediaType but grammarIds used in startRec is same as NVP sends the grammar ids " time="15.059"/>
</testsuite>